#! /usr/bin/vvp
:ivl_version "0.9.7 " "(v0_9_7)";
:vpi_time_precision + 0;
:vpi_module "system";
:vpi_module "v2005_math";
:vpi_module "va_math";
S_0x1752690 .scope module, "Adder" "Adder" 2 12;
 .timescale 0 0;
v0x1752780_0 .net "In_data", 7 0, C4<zzzzzzzz>; 0 drivers
v0x1794000_0 .net "Out_data", 7 0, L_0x17947d0; 1 drivers
v0x17940a0_0 .net *"_s0", 31 0, L_0x1794370; 1 drivers
v0x1794140_0 .net *"_s3", 23 0, C4<000000000000000000000000>; 1 drivers
v0x17941f0_0 .net *"_s4", 31 0, C4<00000000000000000000000000000001>; 1 drivers
v0x1794290_0 .net *"_s6", 31 0, L_0x1794590; 1 drivers
L_0x1794370 .concat [ 8 24 0 0], C4<zzzzzzzz>, C4<000000000000000000000000>;
L_0x1794590 .arith/sum 32, L_0x1794370, C4<00000000000000000000000000000001>;
L_0x17947d0 .part L_0x1794590, 0, 8;
# The file index is used to find the file name in the following table.
:file_names 3;
    "N/A";
    "<interactive>";
    "Adder.v";
