#! /usr/bin/vvp
:ivl_version "0.9.7 " "(v0_9_7)";
:vpi_time_precision + 0;
:vpi_module "system";
:vpi_module "v2005_math";
:vpi_module "va_math";
S_0x2703730 .scope module, "ALU_tb" "ALU_tb" 2 12;
 .timescale 0 0;
v0x2763180_0 .var "cflags", 3 0;
v0x2763220_0 .var "en", 0 0;
v0x27632d0_0 .net "flags_out", 3 0, v0x2762dc0_0; 1 drivers
v0x2763380_0 .var "mode", 3 0;
v0x2763460_0 .var "op1", 7 0;
v0x2763510_0 .var "op2", 7 0;
v0x2763590_0 .net "result", 7 0, v0x2763090_0; 1 drivers
S_0x2703820 .scope module, "uut" "ALU" 2 23, 3 12, S_0x2703730;
 .timescale 0 0;
v0x2738f80_0 .var "Carry", 0 0;
v0x2762c80_0 .net "Cflags", 3 0, v0x2763180_0; 1 drivers
v0x2762d20_0 .net "Enable", 0 0, v0x2763220_0; 1 drivers
v0x2762dc0_0 .var "Flags", 3 0;
v0x2762e70_0 .net "Mode", 3 0, v0x2763380_0; 1 drivers
v0x2762f10_0 .net "Operand1", 7 0, v0x2763460_0; 1 drivers
v0x2762ff0_0 .net "Operand2", 7 0, v0x2763510_0; 1 drivers
v0x2763090_0 .var "Result", 7 0;
E_0x2730ff0/0 .event edge, v0x2762d20_0, v0x2762e70_0, v0x2762f10_0, v0x2762ff0_0;
E_0x2730ff0/1 .event edge, v0x2763090_0, v0x2738f80_0;
E_0x2730ff0 .event/or E_0x2730ff0/0, E_0x2730ff0/1;
    .scope S_0x2703820;
T_0 ;
    %wait E_0x2730ff0;
    %load/v 8, v0x2762d20_0, 1;
    %mov 9, 0, 1;
    %cmpi/u 8, 0, 2;
    %jmp/0xz  T_0.0, 4;
    %set/v v0x2763090_0, 0, 8;
    %set/v v0x2762dc0_0, 0, 4;
    %jmp T_0.1;
T_0.0 ;
    %load/v 8, v0x2762e70_0, 4;
    %cmpi/u 8, 0, 4;
    %jmp/1 T_0.2, 6;
    %cmpi/u 8, 1, 4;
    %jmp/1 T_0.3, 6;
    %cmpi/u 8, 2, 4;
    %jmp/1 T_0.4, 6;
    %cmpi/u 8, 3, 4;
    %jmp/1 T_0.5, 6;
    %cmpi/u 8, 4, 4;
    %jmp/1 T_0.6, 6;
    %cmpi/u 8, 5, 4;
    %jmp/1 T_0.7, 6;
    %cmpi/u 8, 6, 4;
    %jmp/1 T_0.8, 6;
    %cmpi/u 8, 7, 4;
    %jmp/1 T_0.9, 6;
    %cmpi/u 8, 8, 4;
    %jmp/1 T_0.10, 6;
    %cmpi/u 8, 9, 4;
    %jmp/1 T_0.11, 6;
    %cmpi/u 8, 10, 4;
    %jmp/1 T_0.12, 6;
    %cmpi/u 8, 11, 4;
    %jmp/1 T_0.13, 6;
    %cmpi/u 8, 12, 4;
    %jmp/1 T_0.14, 6;
    %cmpi/u 8, 13, 4;
    %jmp/1 T_0.15, 6;
    %cmpi/u 8, 14, 4;
    %jmp/1 T_0.16, 6;
    %cmpi/u 8, 15, 4;
    %jmp/1 T_0.17, 6;
    %load/v 8, v0x2762ff0_0, 8;
    %set/v v0x2763090_0, 8, 8;
    %jmp T_0.19;
T_0.2 ;
    %load/v 8, v0x2762f10_0, 8;
    %mov 16, 0, 1;
    %load/v 17, v0x2762ff0_0, 8;
    %mov 25, 0, 1;
    %add 8, 17, 9;
    %set/v v0x2763090_0, 8, 8;
    %set/v v0x2738f80_0, 16, 1;
    %ix/load 1, 7, 0;
    %mov 4, 0, 1;
    %jmp/1 T_0.20, 4;
    %load/x1p 8, v0x2762f10_0, 1;
    %jmp T_0.21;
T_0.20 ;
    %mov 8, 2, 1;
T_0.21 ;
; Save base=8 wid=1 in lookaside.
    %ix/load 1, 7, 0;
    %mov 4, 0, 1;
    %jmp/1 T_0.22, 4;
    %load/x1p 9, v0x2762ff0_0, 1;
    %jmp T_0.23;
T_0.22 ;
    %mov 9, 2, 1;
T_0.23 ;
; Save base=9 wid=1 in lookaside.
    %cmp/u 8, 9, 1;
    %mov 8, 4, 1;
    %ix/load 1, 7, 0;
    %mov 4, 0, 1;
    %jmp/1 T_0.24, 4;
    %load/x1p 9, v0x2763090_0, 1;
    %jmp T_0.25;
T_0.24 ;
    %mov 9, 2, 1;
T_0.25 ;
; Save base=9 wid=1 in lookaside.
    %ix/load 1, 7, 0;
    %mov 4, 0, 1;
    %jmp/1 T_0.26, 4;
    %load/x1p 10, v0x2762f10_0, 1;
    %jmp T_0.27;
T_0.26 ;
    %mov 10, 2, 1;
T_0.27 ;
; Save base=10 wid=1 in lookaside.
    %cmp/u 9, 10, 1;
    %mov 9, 4, 1;
    %and 8, 9, 1;
    %jmp/0xz  T_0.28, 8;
    %ix/load 0, 0, 0;
    %set/x0 v0x2762dc0_0, 1, 1;
    %jmp T_0.29;
T_0.28 ;
    %ix/load 0, 0, 0;
    %set/x0 v0x2762dc0_0, 0, 1;
T_0.29 ;
    %ix/load 1, 7, 0;
    %mov 4, 0, 1;
    %jmp/1 T_0.30, 4;
    %load/x1p 8, v0x2763090_0, 1;
    %jmp T_0.31;
T_0.30 ;
    %mov 8, 2, 1;
T_0.31 ;
; Save base=8 wid=1 in lookaside.
    %ix/load 0, 1, 0;
    %set/x0 v0x2762dc0_0, 8, 1;
    %load/v 8, v0x2763090_0, 8;
    %mov 16, 0, 1;
    %cmpi/u 8, 0, 9;
    %jmp/0xz  T_0.32, 4;
    %ix/load 0, 3, 0;
    %set/x0 v0x2762dc0_0, 0, 1;
T_0.32 ;
    %load/v 8, v0x2738f80_0, 1;
    %ix/load 0, 2, 0;
    %set/x0 v0x2762dc0_0, 8, 1;
    %jmp T_0.19;
T_0.3 ;
    %load/v 8, v0x2762f10_0, 8;
    %mov 16, 0, 1;
    %load/v 17, v0x2762ff0_0, 8;
    %mov 25, 0, 1;
    %sub 8, 17, 9;
    %set/v v0x2763090_0, 8, 8;
    %set/v v0x2738f80_0, 16, 1;
    %ix/load 1, 7, 0;
    %mov 4, 0, 1;
    %jmp/1 T_0.34, 4;
    %load/x1p 8, v0x2762f10_0, 1;
    %jmp T_0.35;
T_0.34 ;
    %mov 8, 2, 1;
T_0.35 ;
; Save base=8 wid=1 in lookaside.
    %ix/load 1, 7, 0;
    %mov 4, 0, 1;
    %jmp/1 T_0.36, 4;
    %load/x1p 9, v0x2762ff0_0, 1;
    %jmp T_0.37;
T_0.36 ;
    %mov 9, 2, 1;
T_0.37 ;
; Save base=9 wid=1 in lookaside.
    %cmp/u 8, 9, 1;
    %mov 8, 4, 1;
    %ix/load 1, 7, 0;
    %mov 4, 0, 1;
    %jmp/1 T_0.38, 4;
    %load/x1p 9, v0x2763090_0, 1;
    %jmp T_0.39;
T_0.38 ;
    %mov 9, 2, 1;
T_0.39 ;
; Save base=9 wid=1 in lookaside.
    %ix/load 1, 7, 0;
    %mov 4, 0, 1;
    %jmp/1 T_0.40, 4;
    %load/x1p 10, v0x2762f10_0, 1;
    %jmp T_0.41;
T_0.40 ;
    %mov 10, 2, 1;
T_0.41 ;
; Save base=10 wid=1 in lookaside.
    %cmp/u 9, 10, 1;
    %inv 4, 1;
    %mov 9, 4, 1;
    %and 8, 9, 1;
    %jmp/0xz  T_0.42, 8;
    %ix/load 0, 0, 0;
    %set/x0 v0x2762dc0_0, 1, 1;
    %jmp T_0.43;
T_0.42 ;
    %ix/load 0, 0, 0;
    %set/x0 v0x2762dc0_0, 0, 1;
T_0.43 ;
    %ix/load 1, 7, 0;
    %mov 4, 0, 1;
    %jmp/1 T_0.44, 4;
    %load/x1p 8, v0x2763090_0, 1;
    %jmp T_0.45;
T_0.44 ;
    %mov 8, 2, 1;
T_0.45 ;
; Save base=8 wid=1 in lookaside.
    %ix/load 0, 1, 0;
    %set/x0 v0x2762dc0_0, 8, 1;
    %load/v 8, v0x2738f80_0, 1;
    %ix/load 0, 2, 0;
    %set/x0 v0x2762dc0_0, 8, 1;
    %load/v 8, v0x2763090_0, 8;
    %mov 16, 0, 1;
    %cmpi/u 8, 0, 9;
    %jmp/0xz  T_0.46, 4;
    %ix/load 0, 3, 0;
    %set/x0 v0x2762dc0_0, 0, 1;
T_0.46 ;
    %jmp T_0.19;
T_0.4 ;
    %load/v 8, v0x2762f10_0, 8;
    %set/v v0x2763090_0, 8, 8;
    %jmp T_0.19;
T_0.5 ;
    %load/v 8, v0x2762ff0_0, 8;
    %set/v v0x2763090_0, 8, 8;
    %jmp T_0.19;
T_0.6 ;
    %load/v 8, v0x2762f10_0, 8;
    %load/v 16, v0x2762ff0_0, 8;
    %and 8, 16, 8;
    %set/v v0x2763090_0, 8, 8;
    %load/v 8, v0x2763090_0, 8;
    %mov 16, 0, 1;
    %cmpi/u 8, 0, 9;
    %jmp/0xz  T_0.48, 4;
    %ix/load 0, 3, 0;
    %set/x0 v0x2762dc0_0, 0, 1;
T_0.48 ;
    %jmp T_0.19;
T_0.7 ;
    %load/v 8, v0x2762f10_0, 8;
    %load/v 16, v0x2762ff0_0, 8;
    %or 8, 16, 8;
    %set/v v0x2763090_0, 8, 8;
    %load/v 8, v0x2763090_0, 8;
    %mov 16, 0, 1;
    %cmpi/u 8, 0, 9;
    %jmp/0xz  T_0.50, 4;
    %ix/load 0, 3, 0;
    %set/x0 v0x2762dc0_0, 0, 1;
T_0.50 ;
    %jmp T_0.19;
T_0.8 ;
    %load/v 8, v0x2762f10_0, 8;
    %load/v 16, v0x2762ff0_0, 8;
    %xor 8, 16, 8;
    %set/v v0x2763090_0, 8, 8;
    %load/v 8, v0x2763090_0, 8;
    %mov 16, 0, 1;
    %cmpi/u 8, 0, 9;
    %jmp/0xz  T_0.52, 4;
    %ix/load 0, 3, 0;
    %set/x0 v0x2762dc0_0, 0, 1;
T_0.52 ;
    %jmp T_0.19;
T_0.9 ;
    %load/v 8, v0x2762f10_0, 8;
    %mov 16, 0, 1;
    %load/v 17, v0x2762ff0_0, 8;
    %mov 25, 0, 1;
    %sub 8, 17, 9;
    %set/v v0x2763090_0, 8, 8;
    %set/v v0x2738f80_0, 16, 1;
    %ix/load 1, 7, 0;
    %mov 4, 0, 1;
    %jmp/1 T_0.54, 4;
    %load/x1p 8, v0x2762f10_0, 1;
    %jmp T_0.55;
T_0.54 ;
    %mov 8, 2, 1;
T_0.55 ;
; Save base=8 wid=1 in lookaside.
    %ix/load 1, 7, 0;
    %mov 4, 0, 1;
    %jmp/1 T_0.56, 4;
    %load/x1p 9, v0x2762ff0_0, 1;
    %jmp T_0.57;
T_0.56 ;
    %mov 9, 2, 1;
T_0.57 ;
; Save base=9 wid=1 in lookaside.
    %cmp/u 8, 9, 1;
    %mov 8, 4, 1;
    %ix/load 1, 7, 0;
    %mov 4, 0, 1;
    %jmp/1 T_0.58, 4;
    %load/x1p 9, v0x2763090_0, 1;
    %jmp T_0.59;
T_0.58 ;
    %mov 9, 2, 1;
T_0.59 ;
; Save base=9 wid=1 in lookaside.
    %ix/load 1, 7, 0;
    %mov 4, 0, 1;
    %jmp/1 T_0.60, 4;
    %load/x1p 10, v0x2762f10_0, 1;
    %jmp T_0.61;
T_0.60 ;
    %mov 10, 2, 1;
T_0.61 ;
; Save base=10 wid=1 in lookaside.
    %cmp/u 9, 10, 1;
    %inv 4, 1;
    %mov 9, 4, 1;
    %and 8, 9, 1;
    %jmp/0xz  T_0.62, 8;
    %ix/load 0, 0, 0;
    %set/x0 v0x2762dc0_0, 1, 1;
    %jmp T_0.63;
T_0.62 ;
    %ix/load 0, 0, 0;
    %set/x0 v0x2762dc0_0, 0, 1;
T_0.63 ;
    %ix/load 1, 7, 0;
    %mov 4, 0, 1;
    %jmp/1 T_0.64, 4;
    %load/x1p 8, v0x2763090_0, 1;
    %jmp T_0.65;
T_0.64 ;
    %mov 8, 2, 1;
T_0.65 ;
; Save base=8 wid=1 in lookaside.
    %ix/load 0, 1, 0;
    %set/x0 v0x2762dc0_0, 8, 1;
    %load/v 8, v0x2763090_0, 8;
    %mov 16, 0, 1;
    %cmpi/u 8, 0, 9;
    %jmp/0xz  T_0.66, 4;
    %ix/load 0, 3, 0;
    %set/x0 v0x2762dc0_0, 0, 1;
T_0.66 ;
    %jmp T_0.19;
T_0.10 ;
    %load/v 8, v0x2762f10_0, 8;
    %mov 16, 0, 1;
    %addi 8, 1, 9;
    %set/v v0x2763090_0, 8, 8;
    %set/v v0x2738f80_0, 16, 1;
    %ix/load 1, 7, 0;
    %mov 4, 0, 1;
    %jmp/1 T_0.68, 4;
    %load/x1p 8, v0x2763090_0, 1;
    %jmp T_0.69;
T_0.68 ;
    %mov 8, 2, 1;
T_0.69 ;
; Save base=8 wid=1 in lookaside.
    %ix/load 1, 7, 0;
    %mov 4, 0, 1;
    %jmp/1 T_0.70, 4;
    %load/x1p 9, v0x2762f10_0, 1;
    %jmp T_0.71;
T_0.70 ;
    %mov 9, 2, 1;
T_0.71 ;
; Save base=9 wid=1 in lookaside.
    %cmp/u 8, 9, 1;
    %jmp/0xz  T_0.72, 4;
    %ix/load 0, 0, 0;
    %set/x0 v0x2762dc0_0, 1, 1;
    %jmp T_0.73;
T_0.72 ;
    %ix/load 0, 0, 0;
    %set/x0 v0x2762dc0_0, 0, 1;
T_0.73 ;
    %ix/load 1, 7, 0;
    %mov 4, 0, 1;
    %jmp/1 T_0.74, 4;
    %load/x1p 8, v0x2763090_0, 1;
    %jmp T_0.75;
T_0.74 ;
    %mov 8, 2, 1;
T_0.75 ;
; Save base=8 wid=1 in lookaside.
    %ix/load 0, 1, 0;
    %set/x0 v0x2762dc0_0, 8, 1;
    %load/v 8, v0x2763090_0, 8;
    %mov 16, 0, 1;
    %cmpi/u 8, 0, 9;
    %jmp/0xz  T_0.76, 4;
    %ix/load 0, 3, 0;
    %set/x0 v0x2762dc0_0, 0, 1;
T_0.76 ;
    %load/v 8, v0x2738f80_0, 1;
    %ix/load 0, 2, 0;
    %set/x0 v0x2762dc0_0, 8, 1;
    %jmp T_0.19;
T_0.11 ;
    %load/v 8, v0x2762f10_0, 8;
    %mov 16, 0, 1;
    %subi 8, 1, 9;
    %set/v v0x2763090_0, 8, 8;
    %set/v v0x2738f80_0, 16, 1;
    %ix/load 1, 7, 0;
    %mov 4, 0, 1;
    %jmp/1 T_0.78, 4;
    %load/x1p 8, v0x2763090_0, 1;
    %jmp T_0.79;
T_0.78 ;
    %mov 8, 2, 1;
T_0.79 ;
; Save base=8 wid=1 in lookaside.
    %ix/load 1, 7, 0;
    %mov 4, 0, 1;
    %jmp/1 T_0.80, 4;
    %load/x1p 9, v0x2762f10_0, 1;
    %jmp T_0.81;
T_0.80 ;
    %mov 9, 2, 1;
T_0.81 ;
; Save base=9 wid=1 in lookaside.
    %cmp/u 8, 9, 1;
    %jmp/0xz  T_0.82, 4;
    %ix/load 0, 0, 0;
    %set/x0 v0x2762dc0_0, 1, 1;
    %jmp T_0.83;
T_0.82 ;
    %ix/load 0, 0, 0;
    %set/x0 v0x2762dc0_0, 0, 1;
T_0.83 ;
    %ix/load 1, 7, 0;
    %mov 4, 0, 1;
    %jmp/1 T_0.84, 4;
    %load/x1p 8, v0x2763090_0, 1;
    %jmp T_0.85;
T_0.84 ;
    %mov 8, 2, 1;
T_0.85 ;
; Save base=8 wid=1 in lookaside.
    %ix/load 0, 1, 0;
    %set/x0 v0x2762dc0_0, 8, 1;
    %load/v 8, v0x2738f80_0, 1;
    %ix/load 0, 2, 0;
    %set/x0 v0x2762dc0_0, 8, 1;
    %load/v 8, v0x2763090_0, 8;
    %mov 16, 0, 1;
    %cmpi/u 8, 0, 9;
    %jmp/0xz  T_0.86, 4;
    %ix/load 0, 3, 0;
    %set/x0 v0x2762dc0_0, 0, 1;
T_0.86 ;
    %jmp T_0.19;
T_0.12 ;
    %load/v 8, v0x2762ff0_0, 8;
    %load/v 16, v0x2762f10_0, 3; Only need 3 of 8 bits
; Save base=16 wid=3 in lookaside.
    %ix/get 0, 16, 3;
    %shiftl/i0  8, 8;
    %load/v 16, v0x2762ff0_0, 8;
    %load/v 24, v0x2762f10_0, 3; Only need 3 of 8 bits
; Save base=24 wid=3 in lookaside.
    %ix/get 0, 24, 3;
    %shiftr/i0  16, 8;
    %or 8, 16, 8;
    %set/v v0x2763090_0, 8, 8;
    %jmp T_0.19;
T_0.13 ;
    %load/v 8, v0x2762ff0_0, 8;
    %load/v 16, v0x2762f10_0, 3; Only need 3 of 8 bits
; Save base=16 wid=3 in lookaside.
    %ix/get 0, 16, 3;
    %shiftr/i0  8, 8;
    %load/v 16, v0x2762ff0_0, 8;
    %load/v 24, v0x2762f10_0, 3; Only need 3 of 8 bits
; Save base=24 wid=3 in lookaside.
    %ix/get 0, 24, 3;
    %shiftl/i0  16, 8;
    %or 8, 16, 8;
    %set/v v0x2763090_0, 8, 8;
    %jmp T_0.19;
T_0.14 ;
    %load/v 8, v0x2762ff0_0, 8;
    %load/v 16, v0x2762f10_0, 3; Only need 3 of 8 bits
; Save base=16 wid=3 in lookaside.
    %ix/get 0, 16, 3;
    %shiftl/i0  8, 8;
    %set/v v0x2763090_0, 8, 8;
    %jmp T_0.19;
T_0.15 ;
    %load/v 8, v0x2762ff0_0, 8;
    %load/v 16, v0x2762f10_0, 3; Only need 3 of 8 bits
; Save base=16 wid=3 in lookaside.
    %ix/get 0, 16, 3;
    %shiftr/i0  8, 8;
    %set/v v0x2763090_0, 8, 8;
    %jmp T_0.19;
T_0.16 ;
    %load/v 8, v0x2762ff0_0, 8;
    %load/v 16, v0x2762f10_0, 3; Only need 3 of 8 bits
; Save base=16 wid=3 in lookaside.
    %ix/get 0, 16, 3;
    %shiftr/i0  8, 8;
    %set/v v0x2763090_0, 8, 8;
    %jmp T_0.19;
T_0.17 ;
    %load/v 8, v0x2762f10_0, 8;
    %mov 16, 0, 1;
    %mov 17, 0, 9;
    %sub 17, 8, 9;
    %set/v v0x2763090_0, 17, 8;
    %set/v v0x2738f80_0, 25, 1;
    %ix/load 1, 7, 0;
    %mov 4, 0, 1;
    %jmp/1 T_0.88, 4;
    %load/x1p 8, v0x2763090_0, 1;
    %jmp T_0.89;
T_0.88 ;
    %mov 8, 2, 1;
T_0.89 ;
; Save base=8 wid=1 in lookaside.
    %ix/load 1, 7, 0;
    %mov 4, 0, 1;
    %jmp/1 T_0.90, 4;
    %load/x1p 9, v0x2762f10_0, 1;
    %jmp T_0.91;
T_0.90 ;
    %mov 9, 2, 1;
T_0.91 ;
; Save base=9 wid=1 in lookaside.
    %cmp/u 8, 9, 1;
    %jmp/0xz  T_0.92, 4;
    %ix/load 0, 0, 0;
    %set/x0 v0x2762dc0_0, 1, 1;
    %jmp T_0.93;
T_0.92 ;
    %ix/load 0, 0, 0;
    %set/x0 v0x2762dc0_0, 0, 1;
T_0.93 ;
    %ix/load 1, 7, 0;
    %mov 4, 0, 1;
    %jmp/1 T_0.94, 4;
    %load/x1p 8, v0x2763090_0, 1;
    %jmp T_0.95;
T_0.94 ;
    %mov 8, 2, 1;
T_0.95 ;
; Save base=8 wid=1 in lookaside.
    %ix/load 0, 1, 0;
    %set/x0 v0x2762dc0_0, 8, 1;
    %load/v 8, v0x2738f80_0, 1;
    %ix/load 0, 2, 0;
    %set/x0 v0x2762dc0_0, 8, 1;
    %load/v 8, v0x2763090_0, 8;
    %mov 16, 0, 1;
    %cmpi/u 8, 0, 9;
    %jmp/0xz  T_0.96, 4;
    %ix/load 0, 3, 0;
    %set/x0 v0x2762dc0_0, 0, 1;
T_0.96 ;
    %jmp T_0.19;
T_0.19 ;
T_0.1 ;
    %jmp T_0;
    .thread T_0, $push;
    .scope S_0x2703730;
T_1 ;
    %set/v v0x2763460_0, 0, 8;
    %set/v v0x2763510_0, 0, 8;
    %set/v v0x2763220_0, 0, 1;
    %delay 10, 0;
    %movi 8, 252, 8;
    %set/v v0x2763460_0, 8, 8;
    %movi 8, 8, 8;
    %set/v v0x2763510_0, 8, 8;
    %set/v v0x2763220_0, 1, 1;
    %delay 20, 0;
    %set/v v0x2763380_0, 0, 4;
    %delay 20, 0;
    %movi 8, 1, 4;
    %set/v v0x2763380_0, 8, 4;
    %delay 20, 0;
    %movi 8, 2, 4;
    %set/v v0x2763380_0, 8, 4;
    %delay 20, 0;
    %movi 8, 3, 4;
    %set/v v0x2763380_0, 8, 4;
    %delay 20, 0;
    %movi 8, 4, 4;
    %set/v v0x2763380_0, 8, 4;
    %delay 20, 0;
    %movi 8, 5, 4;
    %set/v v0x2763380_0, 8, 4;
    %delay 20, 0;
    %movi 8, 6, 4;
    %set/v v0x2763380_0, 8, 4;
    %delay 20, 0;
    %movi 8, 7, 4;
    %set/v v0x2763380_0, 8, 4;
    %delay 20, 0;
    %movi 8, 8, 4;
    %set/v v0x2763380_0, 8, 4;
    %delay 20, 0;
    %movi 8, 9, 4;
    %set/v v0x2763380_0, 8, 4;
    %delay 20, 0;
    %movi 8, 10, 4;
    %set/v v0x2763380_0, 8, 4;
    %delay 20, 0;
    %movi 8, 11, 4;
    %set/v v0x2763380_0, 8, 4;
    %delay 20, 0;
    %movi 8, 12, 4;
    %set/v v0x2763380_0, 8, 4;
    %delay 20, 0;
    %movi 8, 13, 4;
    %set/v v0x2763380_0, 8, 4;
    %delay 20, 0;
    %movi 8, 14, 4;
    %set/v v0x2763380_0, 8, 4;
    %delay 20, 0;
    %set/v v0x2763380_0, 1, 4;
    %delay 50, 0;
    %end;
    .thread T_1;
    .scope S_0x2703730;
T_2 ;
    %vpi_call 2 65 "$dumpfile", "alu.vcd";
    %vpi_call 2 66 "$dumpvars";
    %end;
    .thread T_2;
# The file index is used to find the file name in the following table.
:file_names 4;
    "N/A";
    "<interactive>";
    "ALU_tb.v";
    "ALU.v";
