#! /usr/bin/vvp
:ivl_version "0.9.7 " "(v0_9_7)";
:vpi_time_precision + 0;
:vpi_module "system";
:vpi_module "v2005_math";
:vpi_module "va_math";
S_0x148d730 .scope module, "Control_Logic" "Control_Logic" 2 13;
 .timescale 0 0;
P_0x148d828 .param/l "DECODE" 2 23, C4<10>;
P_0x148d850 .param/l "EXECUTE" 2 23, C4<11>;
P_0x148d878 .param/l "FETCH" 2 23, C4<01>;
P_0x148d8a0 .param/l "LOAD" 2 23, C4<00>;
v0x14c4050_0 .var "ALU_En", 0 0;
v0x14dc0e0_0 .var "ALU_Mode", 3 0;
v0x14dc180_0 .var "Acc_En", 0 0;
v0x14dc220_0 .var "DataMemWrite_En", 0 0;
v0x14dc2d0_0 .var "DataMem_En", 0 0;
v0x14dc370_0 .var "DataReg_En", 0 0;
v0x14dc450_0 .var "InstrReg_En", 0 0;
v0x14dc4f0_0 .net "Instr_Reg", 11 0, C4<zzzzzzzzzzzz>; 0 drivers
v0x14dc5e0_0 .var "MUX1_Sel", 0 0;
v0x14dc680_0 .var "MUX2_Sel", 0 0;
v0x14dc780_0 .var "ProgCounter_En", 0 0;
v0x14dc820_0 .var "ProgMemLoad_En", 0 0;
v0x14dc930_0 .var "ProgMem_En", 0 0;
v0x14dc9d0_0 .net "State", 1 0, C4<zz>; 0 drivers
v0x14dcaf0_0 .var "StatusReg_En", 0 0;
v0x14dcb90_0 .net "Status_Reg", 3 0, C4<zzzz>; 0 drivers
E_0x14c3db0 .event edge, v0x14dc9d0_0, v0x14dc4f0_0, v0x14dcb90_0;
    .scope S_0x148d730;
T_0 ;
    %wait E_0x14c3db0;
    %set/v v0x14dc820_0, 0, 1;
    %set/v v0x14dc780_0, 0, 1;
    %set/v v0x14dc180_0, 0, 1;
    %set/v v0x14dcaf0_0, 0, 1;
    %set/v v0x14dc450_0, 0, 1;
    %set/v v0x14dc930_0, 0, 1;
    %set/v v0x14dc220_0, 0, 1;
    %set/v v0x14c4050_0, 0, 1;
    %set/v v0x14dc5e0_0, 0, 1;
    %set/v v0x14dc2d0_0, 0, 1;
    %set/v v0x14dc370_0, 0, 1;
    %set/v v0x14dc680_0, 0, 1;
    %set/v v0x14dc0e0_0, 0, 4;
    %load/v 8, v0x14dc9d0_0, 2;
    %mov 10, 0, 1;
    %cmpi/u 8, 0, 3;
    %jmp/0xz  T_0.0, 4;
    %set/v v0x14dc820_0, 1, 1;
    %set/v v0x14dc930_0, 1, 1;
    %jmp T_0.1;
T_0.0 ;
    %load/v 8, v0x14dc9d0_0, 2;
    %mov 10, 0, 1;
    %cmpi/u 8, 1, 3;
    %jmp/0xz  T_0.2, 4;
    %set/v v0x14dc450_0, 1, 1;
    %set/v v0x14dc930_0, 1, 1;
    %jmp T_0.3;
T_0.2 ;
    %load/v 8, v0x14dc9d0_0, 2;
    %mov 10, 0, 1;
    %cmpi/u 8, 2, 3;
    %jmp/0xz  T_0.4, 4;
    %ix/load 1, 9, 0;
    %mov 4, 0, 1;
    %jmp/1 T_0.6, 4;
    %load/x1p 8, v0x14dc4f0_0, 3;
    %jmp T_0.7;
T_0.6 ;
    %mov 8, 2, 3;
T_0.7 ;
; Save base=8 wid=3 in lookaside.
    %cmpi/u 8, 1, 3;
    %jmp/0xz  T_0.8, 4;
    %set/v v0x14dc370_0, 1, 1;
    %set/v v0x14dc2d0_0, 1, 1;
    %jmp T_0.9;
T_0.8 ;
    %set/v v0x14dc370_0, 0, 1;
    %set/v v0x14dc2d0_0, 0, 1;
T_0.9 ;
    %jmp T_0.5;
T_0.4 ;
    %load/v 8, v0x14dc9d0_0, 2;
    %mov 10, 0, 1;
    %cmpi/u 8, 3, 3;
    %jmp/0xz  T_0.10, 4;
    %ix/load 1, 11, 0;
    %mov 4, 0, 1;
    %jmp/1 T_0.12, 4;
    %load/x1p 8, v0x14dc4f0_0, 1;
    %jmp T_0.13;
T_0.12 ;
    %mov 8, 2, 1;
T_0.13 ;
; Save base=8 wid=1 in lookaside.
    %jmp/0xz  T_0.14, 8;
    %set/v v0x14dc780_0, 1, 1;
    %set/v v0x14dc180_0, 1, 1;
    %set/v v0x14dcaf0_0, 1, 1;
    %set/v v0x14c4050_0, 1, 1;
    %ix/load 1, 8, 0;
    %mov 4, 0, 1;
    %jmp/1 T_0.16, 4;
    %load/x1p 12, v0x14dc4f0_0, 3;
    %jmp T_0.17;
T_0.16 ;
    %mov 12, 2, 3;
T_0.17 ;
    %mov 8, 12, 3; Move signal select into place
    %mov 11, 0, 1;
    %set/v v0x14dc0e0_0, 8, 4;
    %set/v v0x14dc5e0_0, 1, 1;
    %set/v v0x14dc680_0, 0, 1;
    %jmp T_0.15;
T_0.14 ;
    %ix/load 1, 10, 0;
    %mov 4, 0, 1;
    %jmp/1 T_0.18, 4;
    %load/x1p 8, v0x14dc4f0_0, 2;
    %jmp T_0.19;
T_0.18 ;
    %mov 8, 2, 2;
T_0.19 ;
; Save base=8 wid=2 in lookaside.
    %cmpi/u 8, 1, 2;
    %jmp/0xz  T_0.20, 4;
    %set/v v0x14dc780_0, 1, 1;
    %ix/load 1, 8, 0;
    %mov 4, 0, 1;
    %jmp/1 T_0.22, 4;
    %load/x1p 8, v0x14dc4f0_0, 2;
    %jmp T_0.23;
T_0.22 ;
    %mov 8, 2, 2;
T_0.23 ;
; Save base=8 wid=2 in lookaside.
    %ix/get 1, 8, 2;
    %jmp/1 T_0.24, 4;
    %load/x1p 8, v0x14dcb90_0, 1;
    %jmp T_0.25;
T_0.24 ;
    %mov 8, 2, 1;
T_0.25 ;
; Save base=8 wid=1 in lookaside.
    %set/v v0x14dc5e0_0, 8, 1;
    %jmp T_0.21;
T_0.20 ;
    %ix/load 1, 9, 0;
    %mov 4, 0, 1;
    %jmp/1 T_0.26, 4;
    %load/x1p 8, v0x14dc4f0_0, 1;
    %jmp T_0.27;
T_0.26 ;
    %mov 8, 2, 1;
T_0.27 ;
; Save base=8 wid=1 in lookaside.
    %jmp/0xz  T_0.28, 8;
    %set/v v0x14dc780_0, 1, 1;
    %ix/load 1, 8, 0;
    %mov 4, 0, 1;
    %jmp/1 T_0.30, 4;
    %load/x1p 8, v0x14dc4f0_0, 1;
    %jmp T_0.31;
T_0.30 ;
    %mov 8, 2, 1;
T_0.31 ;
; Save base=8 wid=1 in lookaside.
    %set/v v0x14dc180_0, 8, 1;
    %set/v v0x14dcaf0_0, 1, 1;
    %ix/load 1, 8, 0;
    %mov 4, 0, 1;
    %jmp/1 T_0.32, 4;
    %load/x1p 8, v0x14dc4f0_0, 1;
    %jmp T_0.33;
T_0.32 ;
    %mov 8, 2, 1;
T_0.33 ;
; Save base=8 wid=1 in lookaside.
    %inv 8, 1;
    %set/v v0x14dc2d0_0, 8, 1;
    %ix/load 1, 8, 0;
    %mov 4, 0, 1;
    %jmp/1 T_0.34, 4;
    %load/x1p 8, v0x14dc4f0_0, 1;
    %jmp T_0.35;
T_0.34 ;
    %mov 8, 2, 1;
T_0.35 ;
; Save base=8 wid=1 in lookaside.
    %inv 8, 1;
    %set/v v0x14dc220_0, 8, 1;
    %set/v v0x14c4050_0, 1, 1;
    %ix/load 1, 4, 0;
    %mov 4, 0, 1;
    %jmp/1 T_0.36, 4;
    %load/x1p 8, v0x14dc4f0_0, 4;
    %jmp T_0.37;
T_0.36 ;
    %mov 8, 2, 4;
T_0.37 ;
; Save base=8 wid=4 in lookaside.
    %set/v v0x14dc0e0_0, 8, 4;
    %set/v v0x14dc5e0_0, 1, 1;
    %set/v v0x14dc680_0, 1, 1;
    %jmp T_0.29;
T_0.28 ;
    %ix/load 1, 8, 0;
    %mov 4, 0, 1;
    %jmp/1 T_0.38, 4;
    %load/x1p 8, v0x14dc4f0_0, 1;
    %jmp T_0.39;
T_0.38 ;
    %mov 8, 2, 1;
T_0.39 ;
; Save base=8 wid=1 in lookaside.
    %cmpi/u 8, 0, 1;
    %jmp/0xz  T_0.40, 4;
    %set/v v0x14dc780_0, 1, 1;
    %set/v v0x14dc5e0_0, 1, 1;
    %jmp T_0.41;
T_0.40 ;
    %set/v v0x14dc780_0, 0, 1;
    %set/v v0x14dc5e0_0, 0, 1;
T_0.41 ;
T_0.29 ;
T_0.21 ;
T_0.15 ;
T_0.10 ;
T_0.5 ;
T_0.3 ;
T_0.1 ;
    %jmp T_0;
    .thread T_0, $push;
# The file index is used to find the file name in the following table.
:file_names 3;
    "N/A";
    "<interactive>";
    "Control_Logic.v";
