#! /usr/bin/vvp
:ivl_version "0.9.7 " "(v0_9_7)";
:vpi_time_precision + 0;
:vpi_module "system";
:vpi_module "v2005_math";
:vpi_module "va_math";
S_0xc99690 .scope module, "DMem_tb" "DMem_tb" 2 12;
 .timescale 0 0;
v0xce67a0_0 .var "Addr_port", 3 0;
v0xce6840_0 .var "En", 0 0;
v0xce68f0_0 .var "In_data", 7 0;
v0xce69a0_0 .net "Out_data", 7 0, L_0xce6ff0; 1 drivers
v0xce6a80_0 .var "W_En", 0 0;
v0xce6b30_0 .var "clk", 0 0;
S_0xc99780 .scope module, "uut" "DMem" 2 19, 3 11, S_0xc99690;
 .timescale 0 0;
v0xcceb60_0 .net "Address_port", 3 0, v0xce67a0_0; 1 drivers
v0xce5ed0_0 .net "Enable", 0 0, v0xce6840_0; 1 drivers
v0xce5f70_0 .net "Input_data", 7 0, v0xce68f0_0; 1 drivers
v0xce6010_0 .alias "Output_data", 7 0, v0xce69a0_0;
v0xce60c0_0 .net "Write_en", 0 0, v0xce6a80_0; 1 drivers
v0xce6160_0 .net *"_s0", 2 0, L_0xce6bb0; 1 drivers
v0xce6240_0 .net *"_s10", 7 0, C4<00000000>; 1 drivers
v0xce62e0_0 .net *"_s3", 1 0, C4<00>; 1 drivers
v0xce63d0_0 .net *"_s4", 2 0, C4<001>; 1 drivers
v0xce6470_0 .net *"_s6", 0 0, L_0xce6d50; 1 drivers
v0xce6570_0 .net *"_s8", 7 0, L_0xce6ec0; 1 drivers
v0xce6610_0 .net "clk", 0 0, v0xce6b30_0; 1 drivers
v0xce6720 .array "data_mem", 0 255, 7 0;
E_0xcacfa0 .event posedge, v0xce6610_0;
L_0xce6bb0 .concat [ 1 2 0 0], v0xce6840_0, C4<00>;
L_0xce6d50 .cmp/eq 3, L_0xce6bb0, C4<001>;
L_0xce6ec0 .array/port v0xce6720, v0xce67a0_0;
L_0xce6ff0 .functor MUXZ 8, C4<00000000>, L_0xce6ec0, L_0xce6d50, C4<>;
    .scope S_0xc99780;
T_0 ;
    %wait E_0xcacfa0;
    %load/v 8, v0xce5ed0_0, 1;
    %mov 9, 0, 2;
    %cmpi/u 8, 1, 3;
    %mov 8, 4, 1;
    %load/v 9, v0xce60c0_0, 1;
    %mov 10, 0, 2;
    %cmpi/u 9, 1, 3;
    %mov 9, 4, 1;
    %and 8, 9, 1;
    %jmp/0xz  T_0.0, 8;
    %load/v 8, v0xce5f70_0, 8;
    %ix/getv 3, v0xcceb60_0;
    %jmp/1 t_0, 4;
    %ix/load 0, 8, 0; word width
    %ix/load 1, 0, 0; part off
    %assign/av v0xce6720, 0, 8;
t_0 ;
T_0.0 ;
    %jmp T_0;
    .thread T_0;
    .scope S_0xc99690;
T_1 ;
    %set/v v0xce6b30_0, 1, 1;
    %end;
    .thread T_1;
    .scope S_0xc99690;
T_2 ;
    %delay 10, 0;
    %load/v 8, v0xce6b30_0, 1;
    %inv 8, 1;
    %set/v v0xce6b30_0, 8, 1;
    %jmp T_2;
    .thread T_2;
    .scope S_0xc99690;
T_3 ;
    %set/v v0xce6b30_0, 0, 1;
    %set/v v0xce6840_0, 0, 1;
    %set/v v0xce6a80_0, 0, 1;
    %set/v v0xce67a0_0, 0, 4;
    %set/v v0xce68f0_0, 0, 8;
    %delay 10, 0;
    %set/v v0xce6840_0, 1, 1;
    %delay 10, 0;
    %set/v v0xce6a80_0, 1, 1;
    %delay 10, 0;
    %set/v v0xce67a0_0, 0, 4;
    %movi 8, 171, 8;
    %set/v v0xce68f0_0, 8, 8;
    %delay 10, 0;
    %movi 8, 1, 4;
    %set/v v0xce67a0_0, 8, 4;
    %movi 8, 144, 8;
    %set/v v0xce68f0_0, 8, 8;
    %delay 10, 0;
    %movi 8, 5, 4;
    %set/v v0xce67a0_0, 8, 4;
    %set/v v0xce68f0_0, 1, 8;
    %delay 10, 0;
    %movi 8, 8, 4;
    %set/v v0xce67a0_0, 8, 4;
    %movi 8, 18, 8;
    %set/v v0xce68f0_0, 8, 8;
    %delay 10, 0;
    %movi 8, 10, 4;
    %set/v v0xce67a0_0, 8, 4;
    %movi 8, 52, 8;
    %set/v v0xce68f0_0, 8, 8;
    %delay 10, 0;
    %set/v v0xce67a0_0, 1, 4;
    %movi 8, 117, 8;
    %set/v v0xce68f0_0, 8, 8;
    %delay 10, 0;
    %movi 8, 11, 4;
    %set/v v0xce67a0_0, 8, 4;
    %movi 8, 100, 8;
    %set/v v0xce68f0_0, 8, 8;
    %delay 10, 0;
    %movi 8, 9, 4;
    %set/v v0xce67a0_0, 8, 4;
    %movi 8, 254, 8;
    %set/v v0xce68f0_0, 8, 8;
    %delay 10, 0;
    %set/v v0xce6a80_0, 0, 1;
    %delay 10, 0;
    %movi 8, 10, 4;
    %set/v v0xce67a0_0, 8, 4;
    %delay 10, 0;
    %movi 8, 2, 4;
    %set/v v0xce67a0_0, 8, 4;
    %delay 10, 0;
    %set/v v0xce67a0_0, 1, 4;
    %delay 10, 0;
    %movi 8, 12, 4;
    %set/v v0xce67a0_0, 8, 4;
    %delay 50, 0;
    %vpi_call 2 58 "$finish";
    %end;
    .thread T_3;
    .scope S_0xc99690;
T_4 ;
    %vpi_call 2 61 "$dumpfile", "dmem.vcd";
    %vpi_call 2 62 "$dumpvars";
    %end;
    .thread T_4;
# The file index is used to find the file name in the following table.
:file_names 4;
    "N/A";
    "<interactive>";
    "DMem_tb.v";
    "DMem.v";
