#! /usr/bin/vvp
:ivl_version "0.9.7 " "(v0_9_7)";
:vpi_time_precision + 0;
:vpi_module "system";
:vpi_module "v2005_math";
:vpi_module "va_math";
S_0x1863f60 .scope module, "MCU_tb" "MCU_tb" 2 12;
 .timescale 0 0;
v0x1894740_0 .var "clk", 0 0;
v0x18947c0_0 .var "rst", 0 0;
S_0x1865d90 .scope module, "MCU_UUT" "MCU" 2 17, 3 10, S_0x1863f60;
 .timescale 0 0;
P_0x1871dd8 .param/l "DECODE" 3 15, C4<10>;
P_0x1871e00 .param/l "EXECUTE" 3 15, C4<11>;
P_0x1871e28 .param/l "FETCH" 3 15, C4<01>;
P_0x1871e50 .param/l "LOAD" 3 15, C4<00>;
L_0x188fc70 .functor BUFZ 12, L_0x1896310, C4<000000000000>, C4<000000000000>, C4<000000000000>;
v0x1892c80_0 .net "ALU_En", 0 0, v0x1857070_0; 1 drivers
v0x1892d50_0 .net "ALU_Mode", 3 0, v0x188f650_0; 1 drivers
v0x1892e20_0 .net "ALU_Operand2", 7 0, L_0x1895040; 1 drivers
v0x1892ef0_0 .net "ALU_Out", 7 0, v0x1892b80_0; 1 drivers
v0x1892fc0_0 .var "Accumulator", 7 0;
v0x1893040_0 .var "Accumulator_Clr", 0 0;
v0x18930c0_0 .net "Accumulator_En", 0 0, v0x188f6f0_0; 1 drivers
v0x1893140_0 .net "AdderOut", 7 0, L_0x18961e0; 1 drivers
v0x1893260_0 .net "DataMem_En", 0 0, v0x188f840_0; 1 drivers
v0x1893330_0 .net "DataMem_WEn", 0 0, v0x188f790_0; 1 drivers
v0x18933b0_0 .var "DataReg", 7 0;
v0x1893430_0 .var "DataReg_Clr", 0 0;
v0x1893520_0 .net "DataReg_En", 0 0, v0x188f8e0_0; 1 drivers
v0x18935a0_0 .net "DataReg_Updated", 7 0, L_0x1895640; 1 drivers
v0x18936a0_0 .var "InstrReg", 11 0;
v0x1893720_0 .var "InstrReg_Clr", 0 0;
v0x1893620_0 .net "InstrReg_En", 0 0, v0x188f9c0_0; 1 drivers
v0x1893830_0 .net "InstrReg_Updated", 11 0, L_0x1895cf0; 1 drivers
v0x1893950_0 .var "LoadAddr", 7 0;
v0x18939d0_0 .var "LoadDone", 0 0;
v0x18938b0_0 .net "LoadInstr", 11 0, L_0x188fc70; 1 drivers
v0x1893b00_0 .net "MUX1_Sel", 0 0, v0x188fb50_0; 1 drivers
v0x1893c40_0 .net "MUX2_Sel", 0 0, v0x188fbf0_0; 1 drivers
v0x1893cc0_0 .var "ProgCounter", 7 0;
v0x1893e10_0 .var "ProgCounter_Clr", 0 0;
v0x1893e90_0 .net "ProgCounter_En", 0 0, v0x188fcf0_0; 1 drivers
v0x1893d40_0 .net "ProgCounter_Updated", 7 0, L_0x1894b10; 1 drivers
v0x1893ff0 .array "ProgMem", 0 9, 11 0;
v0x1893f10_0 .net "ProgMem_En", 0 0, v0x188fea0_0; 1 drivers
v0x1894160_0 .net "ProgMem_LEn", 0 0, v0x188fd90_0; 1 drivers
v0x1894070_0 .var "StatusReg", 3 0;
v0x18942e0_0 .var "StatusReg_Clr", 0 0;
v0x18941e0_0 .net "StatusReg_En", 0 0, v0x1890060_0; 1 drivers
v0x1894260_0 .net "StatusReg_Updated", 3 0, v0x18928e0_0; 1 drivers
v0x1894480_0 .net *"_s6", 11 0, L_0x1896310; 1 drivers
v0x1894500_0 .net "clk", 0 0, v0x1894740_0; 1 drivers
v0x1894360_0 .var "currentState", 1 0;
v0x18943e0_0 .var "nextState", 1 0;
v0x18946c0_0 .net "rst", 0 0, v0x18947c0_0; 1 drivers
E_0x1864900 .event edge, v0x188ff40_0, v0x18939d0_0;
L_0x1894c50 .part v0x18936a0_0, 0, 8;
L_0x1895180 .part v0x18936a0_0, 0, 8;
L_0x1895820 .part v0x18936a0_0, 0, 4;
L_0x1896310 .array/port v0x1893ff0, v0x1893950_0;
S_0x18925b0 .scope module, "ALU_unit" "ALU" 3 45, 4 12, S_0x1865d90;
 .timescale 0 0;
v0x18926c0_0 .var "Carry", 0 0;
v0x1892780_0 .net "Cflags", 3 0, v0x1894070_0; 1 drivers
v0x1892830_0 .alias "Enable", 0 0, v0x1892c80_0;
v0x18928e0_0 .var "Flags", 3 0;
v0x1892990_0 .alias "Mode", 3 0, v0x1892d50_0;
v0x1892a40_0 .net "Operand1", 7 0, v0x1892fc0_0; 1 drivers
v0x1892b00_0 .alias "Operand2", 7 0, v0x1892e20_0;
v0x1892b80_0 .var "Result", 7 0;
E_0x18922c0/0 .event edge, v0x1857070_0, v0x188f650_0, v0x1892a40_0, v0x1891bd0_0;
E_0x18922c0/1 .event edge, v0x1891320_0, v0x18926c0_0;
E_0x18922c0 .event/or E_0x18922c0/0, E_0x18922c0/1;
S_0x1891f90 .scope module, "MUX1_unit" "MUX1" 3 56, 5 12, S_0x1865d90;
 .timescale 0 0;
v0x1892080_0 .alias "Input1", 7 0, v0x1893140_0;
v0x1892120_0 .net "Input2", 7 0, L_0x1894c50; 1 drivers
v0x18921a0_0 .alias "Out", 7 0, v0x1893d40_0;
v0x1892240_0 .alias "Sel", 0 0, v0x1893b00_0;
v0x1892320_0 .net *"_s0", 2 0, L_0x1894840; 1 drivers
v0x18923a0_0 .net *"_s3", 1 0, C4<00>; 1 drivers
v0x1892420_0 .net *"_s4", 2 0, C4<001>; 1 drivers
v0x18924c0_0 .net *"_s6", 0 0, L_0x18949a0; 1 drivers
L_0x1894840 .concat [ 1 2 0 0], v0x188fb50_0, C4<00>;
L_0x18949a0 .cmp/eq 3, L_0x1894840, C4<001>;
L_0x1894b10 .functor MUXZ 8, L_0x1894c50, L_0x18961e0, L_0x18949a0, C4<>;
S_0x18919a0 .scope module, "MUX2_unit" "MUX1" 3 64, 5 12, S_0x1865d90;
 .timescale 0 0;
v0x1891a90_0 .net "Input1", 7 0, v0x18933b0_0; 1 drivers
v0x1891b30_0 .net "Input2", 7 0, L_0x1895180; 1 drivers
v0x1891bd0_0 .alias "Out", 7 0, v0x1892e20_0;
v0x1891c70_0 .alias "Sel", 0 0, v0x1893c40_0;
v0x1891d50_0 .net *"_s0", 2 0, L_0x1894d90; 1 drivers
v0x1891dd0_0 .net *"_s3", 1 0, C4<00>; 1 drivers
v0x1891e50_0 .net *"_s4", 2 0, C4<001>; 1 drivers
v0x1891ef0_0 .net *"_s6", 0 0, L_0x1894f00; 1 drivers
L_0x1894d90 .concat [ 1 2 0 0], v0x188fbf0_0, C4<00>;
L_0x1894f00 .cmp/eq 3, L_0x1894d90, C4<001>;
L_0x1895040 .functor MUXZ 8, L_0x1895180, v0x18933b0_0, L_0x1894f00, C4<>;
S_0x18910f0 .scope module, "DMem_unit" "DMem" 3 72, 6 11, S_0x1865d90;
 .timescale 0 0;
v0x18911e0_0 .net "Address_port", 3 0, L_0x1895820; 1 drivers
v0x18912a0_0 .alias "Enable", 0 0, v0x1893260_0;
v0x1891320_0 .alias "Input_data", 7 0, v0x1892ef0_0;
v0x18913a0_0 .alias "Output_data", 7 0, v0x18935a0_0;
v0x1891450_0 .alias "Write_en", 0 0, v0x1893330_0;
v0x1891500_0 .net *"_s0", 2 0, L_0x1895270; 1 drivers
v0x1891580_0 .net *"_s10", 7 0, C4<00000000>; 1 drivers
v0x1891620_0 .net *"_s3", 1 0, C4<00>; 1 drivers
v0x18916c0_0 .net *"_s4", 2 0, C4<001>; 1 drivers
v0x1891760_0 .net *"_s6", 0 0, L_0x1895420; 1 drivers
v0x1891800_0 .net *"_s8", 7 0, L_0x1895560; 1 drivers
v0x18918a0_0 .alias "clk", 0 0, v0x1894500_0;
v0x1891920 .array "data_mem", 0 255, 7 0;
L_0x1895270 .concat [ 1 2 0 0], v0x188f840_0, C4<00>;
L_0x1895420 .cmp/eq 3, L_0x1895270, C4<001>;
L_0x1895560 .array/port v0x1891920, L_0x1895820;
L_0x1895640 .functor MUXZ 8, C4<00000000>, L_0x1895560, L_0x1895420, C4<>;
S_0x1890660 .scope module, "PMem_unit" "PMem" 3 82, 7 13, S_0x1865d90;
 .timescale 0 0;
v0x1890790_0 .net "Addr", 7 0, v0x1893cc0_0; 1 drivers
v0x1890860_0 .alias "En", 0 0, v0x1893f10_0;
v0x1890910_0 .alias "Instr", 11 0, v0x1893830_0;
v0x1890990_0 .net "Load_Addr", 7 0, v0x1893950_0; 1 drivers
v0x1890a40_0 .alias "Load_En", 0 0, v0x1894160_0;
v0x1890af0_0 .alias "Load_Instr", 11 0, v0x18938b0_0;
v0x1890bb0 .array "Prog_Mem", 0 255, 11 0;
v0x1890c30_0 .net *"_s0", 2 0, L_0x18959a0; 1 drivers
v0x1890cb0_0 .net *"_s10", 11 0, C4<000000000000>; 1 drivers
v0x1890d50_0 .net *"_s3", 1 0, C4<00>; 1 drivers
v0x1890df0_0 .net *"_s4", 2 0, C4<001>; 1 drivers
v0x1890e90_0 .net *"_s6", 0 0, L_0x1895ad0; 1 drivers
v0x1890f30_0 .net *"_s8", 11 0, L_0x1895c10; 1 drivers
v0x1890fd0_0 .alias "clk", 0 0, v0x1894500_0;
E_0x188f810 .event posedge, v0x1890fd0_0;
L_0x18959a0 .concat [ 1 2 0 0], v0x188fea0_0, C4<00>;
L_0x1895ad0 .cmp/eq 3, L_0x18959a0, C4<001>;
L_0x1895c10 .array/port v0x1890bb0, v0x1893cc0_0;
L_0x1895cf0 .functor MUXZ 12, C4<000000000000>, L_0x1895c10, L_0x1895ad0, C4<>;
S_0x1890230 .scope module, "PC_Adder_unit" "Adder" 3 93, 8 12, S_0x1865d90;
 .timescale 0 0;
v0x188ffc0_0 .alias "In_data", 7 0, v0x1890790_0;
v0x1890360_0 .alias "Out_data", 7 0, v0x1893140_0;
v0x1890400_0 .net *"_s0", 31 0, L_0x1895e80; 1 drivers
v0x18904a0_0 .net *"_s3", 23 0, C4<000000000000000000000000>; 1 drivers
v0x1890520_0 .net *"_s4", 31 0, C4<00000000000000000000000000000001>; 1 drivers
v0x18905c0_0 .net *"_s6", 31 0, L_0x1896030; 1 drivers
L_0x1895e80 .concat [ 8 24 0 0], v0x1893cc0_0, C4<000000000000000000000000>;
L_0x1896030 .arith/sum 32, L_0x1895e80, C4<00000000000000000000000000000001>;
L_0x18961e0 .part L_0x1896030, 0, 8;
S_0x1864b60 .scope module, "Control_Logic_unit" "Control_Logic" 3 99, 9 13, S_0x1865d90;
 .timescale 0 0;
P_0x186e248 .param/l "DECODE" 9 23, C4<10>;
P_0x186e270 .param/l "EXECUTE" 9 23, C4<11>;
P_0x186e298 .param/l "FETCH" 9 23, C4<01>;
P_0x186e2c0 .param/l "LOAD" 9 23, C4<00>;
v0x1857070_0 .var "ALU_En", 0 0;
v0x188f650_0 .var "ALU_Mode", 3 0;
v0x188f6f0_0 .var "Acc_En", 0 0;
v0x188f790_0 .var "DataMemWrite_En", 0 0;
v0x188f840_0 .var "DataMem_En", 0 0;
v0x188f8e0_0 .var "DataReg_En", 0 0;
v0x188f9c0_0 .var "InstrReg_En", 0 0;
v0x188fa60_0 .net "Instr_Reg", 11 0, v0x18936a0_0; 1 drivers
v0x188fb50_0 .var "MUX1_Sel", 0 0;
v0x188fbf0_0 .var "MUX2_Sel", 0 0;
v0x188fcf0_0 .var "ProgCounter_En", 0 0;
v0x188fd90_0 .var "ProgMemLoad_En", 0 0;
v0x188fea0_0 .var "ProgMem_En", 0 0;
v0x188ff40_0 .net "State", 1 0, v0x1894360_0; 1 drivers
v0x1890060_0 .var "StatusReg_En", 0 0;
v0x1890100_0 .alias "Status_Reg", 3 0, v0x1892780_0;
E_0x1864280 .event edge, v0x188ff40_0, v0x188fa60_0, v0x1890100_0;
    .scope S_0x18925b0;
T_0 ;
    %wait E_0x18922c0;
    %load/v 8, v0x1892830_0, 1;
    %mov 9, 0, 1;
    %cmpi/u 8, 0, 2;
    %jmp/0xz  T_0.0, 4;
    %set/v v0x1892b80_0, 0, 8;
    %set/v v0x18928e0_0, 0, 4;
    %jmp T_0.1;
T_0.0 ;
    %load/v 8, v0x1892990_0, 4;
    %cmpi/u 8, 0, 4;
    %jmp/1 T_0.2, 6;
    %cmpi/u 8, 1, 4;
    %jmp/1 T_0.3, 6;
    %cmpi/u 8, 2, 4;
    %jmp/1 T_0.4, 6;
    %cmpi/u 8, 3, 4;
    %jmp/1 T_0.5, 6;
    %cmpi/u 8, 4, 4;
    %jmp/1 T_0.6, 6;
    %cmpi/u 8, 5, 4;
    %jmp/1 T_0.7, 6;
    %cmpi/u 8, 6, 4;
    %jmp/1 T_0.8, 6;
    %cmpi/u 8, 7, 4;
    %jmp/1 T_0.9, 6;
    %cmpi/u 8, 8, 4;
    %jmp/1 T_0.10, 6;
    %cmpi/u 8, 9, 4;
    %jmp/1 T_0.11, 6;
    %cmpi/u 8, 10, 4;
    %jmp/1 T_0.12, 6;
    %cmpi/u 8, 11, 4;
    %jmp/1 T_0.13, 6;
    %cmpi/u 8, 12, 4;
    %jmp/1 T_0.14, 6;
    %cmpi/u 8, 13, 4;
    %jmp/1 T_0.15, 6;
    %cmpi/u 8, 14, 4;
    %jmp/1 T_0.16, 6;
    %cmpi/u 8, 15, 4;
    %jmp/1 T_0.17, 6;
    %load/v 8, v0x1892b00_0, 8;
    %set/v v0x1892b80_0, 8, 8;
    %jmp T_0.19;
T_0.2 ;
    %load/v 8, v0x1892a40_0, 8;
    %mov 16, 0, 1;
    %load/v 17, v0x1892b00_0, 8;
    %mov 25, 0, 1;
    %add 8, 17, 9;
    %set/v v0x1892b80_0, 8, 8;
    %set/v v0x18926c0_0, 16, 1;
    %ix/load 1, 7, 0;
    %mov 4, 0, 1;
    %jmp/1 T_0.20, 4;
    %load/x1p 8, v0x1892a40_0, 1;
    %jmp T_0.21;
T_0.20 ;
    %mov 8, 2, 1;
T_0.21 ;
; Save base=8 wid=1 in lookaside.
    %ix/load 1, 7, 0;
    %mov 4, 0, 1;
    %jmp/1 T_0.22, 4;
    %load/x1p 9, v0x1892b00_0, 1;
    %jmp T_0.23;
T_0.22 ;
    %mov 9, 2, 1;
T_0.23 ;
; Save base=9 wid=1 in lookaside.
    %cmp/u 8, 9, 1;
    %mov 8, 4, 1;
    %ix/load 1, 7, 0;
    %mov 4, 0, 1;
    %jmp/1 T_0.24, 4;
    %load/x1p 9, v0x1892b80_0, 1;
    %jmp T_0.25;
T_0.24 ;
    %mov 9, 2, 1;
T_0.25 ;
; Save base=9 wid=1 in lookaside.
    %ix/load 1, 7, 0;
    %mov 4, 0, 1;
    %jmp/1 T_0.26, 4;
    %load/x1p 10, v0x1892a40_0, 1;
    %jmp T_0.27;
T_0.26 ;
    %mov 10, 2, 1;
T_0.27 ;
; Save base=10 wid=1 in lookaside.
    %cmp/u 9, 10, 1;
    %mov 9, 4, 1;
    %and 8, 9, 1;
    %jmp/0xz  T_0.28, 8;
    %ix/load 0, 0, 0;
    %set/x0 v0x18928e0_0, 1, 1;
    %jmp T_0.29;
T_0.28 ;
    %ix/load 0, 0, 0;
    %set/x0 v0x18928e0_0, 0, 1;
T_0.29 ;
    %ix/load 1, 7, 0;
    %mov 4, 0, 1;
    %jmp/1 T_0.30, 4;
    %load/x1p 8, v0x1892b80_0, 1;
    %jmp T_0.31;
T_0.30 ;
    %mov 8, 2, 1;
T_0.31 ;
; Save base=8 wid=1 in lookaside.
    %ix/load 0, 1, 0;
    %set/x0 v0x18928e0_0, 8, 1;
    %load/v 8, v0x1892b80_0, 8;
    %mov 16, 0, 1;
    %cmpi/u 8, 0, 9;
    %jmp/0xz  T_0.32, 4;
    %ix/load 0, 3, 0;
    %set/x0 v0x18928e0_0, 0, 1;
T_0.32 ;
    %load/v 8, v0x18926c0_0, 1;
    %ix/load 0, 2, 0;
    %set/x0 v0x18928e0_0, 8, 1;
    %jmp T_0.19;
T_0.3 ;
    %load/v 8, v0x1892a40_0, 8;
    %mov 16, 0, 1;
    %load/v 17, v0x1892b00_0, 8;
    %mov 25, 0, 1;
    %sub 8, 17, 9;
    %set/v v0x1892b80_0, 8, 8;
    %set/v v0x18926c0_0, 16, 1;
    %ix/load 1, 7, 0;
    %mov 4, 0, 1;
    %jmp/1 T_0.34, 4;
    %load/x1p 8, v0x1892a40_0, 1;
    %jmp T_0.35;
T_0.34 ;
    %mov 8, 2, 1;
T_0.35 ;
; Save base=8 wid=1 in lookaside.
    %ix/load 1, 7, 0;
    %mov 4, 0, 1;
    %jmp/1 T_0.36, 4;
    %load/x1p 9, v0x1892b00_0, 1;
    %jmp T_0.37;
T_0.36 ;
    %mov 9, 2, 1;
T_0.37 ;
; Save base=9 wid=1 in lookaside.
    %cmp/u 8, 9, 1;
    %mov 8, 4, 1;
    %ix/load 1, 7, 0;
    %mov 4, 0, 1;
    %jmp/1 T_0.38, 4;
    %load/x1p 9, v0x1892b80_0, 1;
    %jmp T_0.39;
T_0.38 ;
    %mov 9, 2, 1;
T_0.39 ;
; Save base=9 wid=1 in lookaside.
    %ix/load 1, 7, 0;
    %mov 4, 0, 1;
    %jmp/1 T_0.40, 4;
    %load/x1p 10, v0x1892a40_0, 1;
    %jmp T_0.41;
T_0.40 ;
    %mov 10, 2, 1;
T_0.41 ;
; Save base=10 wid=1 in lookaside.
    %cmp/u 9, 10, 1;
    %inv 4, 1;
    %mov 9, 4, 1;
    %and 8, 9, 1;
    %jmp/0xz  T_0.42, 8;
    %ix/load 0, 0, 0;
    %set/x0 v0x18928e0_0, 1, 1;
    %jmp T_0.43;
T_0.42 ;
    %ix/load 0, 0, 0;
    %set/x0 v0x18928e0_0, 0, 1;
T_0.43 ;
    %ix/load 1, 7, 0;
    %mov 4, 0, 1;
    %jmp/1 T_0.44, 4;
    %load/x1p 8, v0x1892b80_0, 1;
    %jmp T_0.45;
T_0.44 ;
    %mov 8, 2, 1;
T_0.45 ;
; Save base=8 wid=1 in lookaside.
    %ix/load 0, 1, 0;
    %set/x0 v0x18928e0_0, 8, 1;
    %load/v 8, v0x18926c0_0, 1;
    %ix/load 0, 2, 0;
    %set/x0 v0x18928e0_0, 8, 1;
    %load/v 8, v0x1892b80_0, 8;
    %mov 16, 0, 1;
    %cmpi/u 8, 0, 9;
    %jmp/0xz  T_0.46, 4;
    %ix/load 0, 3, 0;
    %set/x0 v0x18928e0_0, 0, 1;
T_0.46 ;
    %jmp T_0.19;
T_0.4 ;
    %load/v 8, v0x1892a40_0, 8;
    %set/v v0x1892b80_0, 8, 8;
    %jmp T_0.19;
T_0.5 ;
    %load/v 8, v0x1892b00_0, 8;
    %set/v v0x1892b80_0, 8, 8;
    %jmp T_0.19;
T_0.6 ;
    %load/v 8, v0x1892a40_0, 8;
    %load/v 16, v0x1892b00_0, 8;
    %and 8, 16, 8;
    %set/v v0x1892b80_0, 8, 8;
    %load/v 8, v0x1892b80_0, 8;
    %mov 16, 0, 1;
    %cmpi/u 8, 0, 9;
    %jmp/0xz  T_0.48, 4;
    %ix/load 0, 3, 0;
    %set/x0 v0x18928e0_0, 0, 1;
T_0.48 ;
    %jmp T_0.19;
T_0.7 ;
    %load/v 8, v0x1892a40_0, 8;
    %load/v 16, v0x1892b00_0, 8;
    %or 8, 16, 8;
    %set/v v0x1892b80_0, 8, 8;
    %load/v 8, v0x1892b80_0, 8;
    %mov 16, 0, 1;
    %cmpi/u 8, 0, 9;
    %jmp/0xz  T_0.50, 4;
    %ix/load 0, 3, 0;
    %set/x0 v0x18928e0_0, 0, 1;
T_0.50 ;
    %jmp T_0.19;
T_0.8 ;
    %load/v 8, v0x1892a40_0, 8;
    %load/v 16, v0x1892b00_0, 8;
    %xor 8, 16, 8;
    %set/v v0x1892b80_0, 8, 8;
    %load/v 8, v0x1892b80_0, 8;
    %mov 16, 0, 1;
    %cmpi/u 8, 0, 9;
    %jmp/0xz  T_0.52, 4;
    %ix/load 0, 3, 0;
    %set/x0 v0x18928e0_0, 0, 1;
T_0.52 ;
    %jmp T_0.19;
T_0.9 ;
    %load/v 8, v0x1892a40_0, 8;
    %mov 16, 0, 1;
    %load/v 17, v0x1892b00_0, 8;
    %mov 25, 0, 1;
    %sub 8, 17, 9;
    %set/v v0x1892b80_0, 8, 8;
    %set/v v0x18926c0_0, 16, 1;
    %ix/load 1, 7, 0;
    %mov 4, 0, 1;
    %jmp/1 T_0.54, 4;
    %load/x1p 8, v0x1892a40_0, 1;
    %jmp T_0.55;
T_0.54 ;
    %mov 8, 2, 1;
T_0.55 ;
; Save base=8 wid=1 in lookaside.
    %ix/load 1, 7, 0;
    %mov 4, 0, 1;
    %jmp/1 T_0.56, 4;
    %load/x1p 9, v0x1892b00_0, 1;
    %jmp T_0.57;
T_0.56 ;
    %mov 9, 2, 1;
T_0.57 ;
; Save base=9 wid=1 in lookaside.
    %cmp/u 8, 9, 1;
    %mov 8, 4, 1;
    %ix/load 1, 7, 0;
    %mov 4, 0, 1;
    %jmp/1 T_0.58, 4;
    %load/x1p 9, v0x1892b80_0, 1;
    %jmp T_0.59;
T_0.58 ;
    %mov 9, 2, 1;
T_0.59 ;
; Save base=9 wid=1 in lookaside.
    %ix/load 1, 7, 0;
    %mov 4, 0, 1;
    %jmp/1 T_0.60, 4;
    %load/x1p 10, v0x1892a40_0, 1;
    %jmp T_0.61;
T_0.60 ;
    %mov 10, 2, 1;
T_0.61 ;
; Save base=10 wid=1 in lookaside.
    %cmp/u 9, 10, 1;
    %inv 4, 1;
    %mov 9, 4, 1;
    %and 8, 9, 1;
    %jmp/0xz  T_0.62, 8;
    %ix/load 0, 0, 0;
    %set/x0 v0x18928e0_0, 1, 1;
    %jmp T_0.63;
T_0.62 ;
    %ix/load 0, 0, 0;
    %set/x0 v0x18928e0_0, 0, 1;
T_0.63 ;
    %ix/load 1, 7, 0;
    %mov 4, 0, 1;
    %jmp/1 T_0.64, 4;
    %load/x1p 8, v0x1892b80_0, 1;
    %jmp T_0.65;
T_0.64 ;
    %mov 8, 2, 1;
T_0.65 ;
; Save base=8 wid=1 in lookaside.
    %ix/load 0, 1, 0;
    %set/x0 v0x18928e0_0, 8, 1;
    %load/v 8, v0x1892b80_0, 8;
    %mov 16, 0, 1;
    %cmpi/u 8, 0, 9;
    %jmp/0xz  T_0.66, 4;
    %ix/load 0, 3, 0;
    %set/x0 v0x18928e0_0, 0, 1;
T_0.66 ;
    %jmp T_0.19;
T_0.10 ;
    %load/v 8, v0x1892a40_0, 8;
    %mov 16, 0, 1;
    %addi 8, 1, 9;
    %set/v v0x1892b80_0, 8, 8;
    %set/v v0x18926c0_0, 16, 1;
    %ix/load 1, 7, 0;
    %mov 4, 0, 1;
    %jmp/1 T_0.68, 4;
    %load/x1p 8, v0x1892b80_0, 1;
    %jmp T_0.69;
T_0.68 ;
    %mov 8, 2, 1;
T_0.69 ;
; Save base=8 wid=1 in lookaside.
    %ix/load 1, 7, 0;
    %mov 4, 0, 1;
    %jmp/1 T_0.70, 4;
    %load/x1p 9, v0x1892a40_0, 1;
    %jmp T_0.71;
T_0.70 ;
    %mov 9, 2, 1;
T_0.71 ;
; Save base=9 wid=1 in lookaside.
    %cmp/u 8, 9, 1;
    %jmp/0xz  T_0.72, 4;
    %ix/load 0, 0, 0;
    %set/x0 v0x18928e0_0, 1, 1;
    %jmp T_0.73;
T_0.72 ;
    %ix/load 0, 0, 0;
    %set/x0 v0x18928e0_0, 0, 1;
T_0.73 ;
    %ix/load 1, 7, 0;
    %mov 4, 0, 1;
    %jmp/1 T_0.74, 4;
    %load/x1p 8, v0x1892b80_0, 1;
    %jmp T_0.75;
T_0.74 ;
    %mov 8, 2, 1;
T_0.75 ;
; Save base=8 wid=1 in lookaside.
    %ix/load 0, 1, 0;
    %set/x0 v0x18928e0_0, 8, 1;
    %load/v 8, v0x1892b80_0, 8;
    %mov 16, 0, 1;
    %cmpi/u 8, 0, 9;
    %jmp/0xz  T_0.76, 4;
    %ix/load 0, 3, 0;
    %set/x0 v0x18928e0_0, 0, 1;
T_0.76 ;
    %load/v 8, v0x18926c0_0, 1;
    %ix/load 0, 2, 0;
    %set/x0 v0x18928e0_0, 8, 1;
    %jmp T_0.19;
T_0.11 ;
    %load/v 8, v0x1892a40_0, 8;
    %mov 16, 0, 1;
    %subi 8, 1, 9;
    %set/v v0x1892b80_0, 8, 8;
    %set/v v0x18926c0_0, 16, 1;
    %ix/load 1, 7, 0;
    %mov 4, 0, 1;
    %jmp/1 T_0.78, 4;
    %load/x1p 8, v0x1892b80_0, 1;
    %jmp T_0.79;
T_0.78 ;
    %mov 8, 2, 1;
T_0.79 ;
; Save base=8 wid=1 in lookaside.
    %ix/load 1, 7, 0;
    %mov 4, 0, 1;
    %jmp/1 T_0.80, 4;
    %load/x1p 9, v0x1892a40_0, 1;
    %jmp T_0.81;
T_0.80 ;
    %mov 9, 2, 1;
T_0.81 ;
; Save base=9 wid=1 in lookaside.
    %cmp/u 8, 9, 1;
    %jmp/0xz  T_0.82, 4;
    %ix/load 0, 0, 0;
    %set/x0 v0x18928e0_0, 1, 1;
    %jmp T_0.83;
T_0.82 ;
    %ix/load 0, 0, 0;
    %set/x0 v0x18928e0_0, 0, 1;
T_0.83 ;
    %ix/load 1, 7, 0;
    %mov 4, 0, 1;
    %jmp/1 T_0.84, 4;
    %load/x1p 8, v0x1892b80_0, 1;
    %jmp T_0.85;
T_0.84 ;
    %mov 8, 2, 1;
T_0.85 ;
; Save base=8 wid=1 in lookaside.
    %ix/load 0, 1, 0;
    %set/x0 v0x18928e0_0, 8, 1;
    %load/v 8, v0x18926c0_0, 1;
    %ix/load 0, 2, 0;
    %set/x0 v0x18928e0_0, 8, 1;
    %load/v 8, v0x1892b80_0, 8;
    %mov 16, 0, 1;
    %cmpi/u 8, 0, 9;
    %jmp/0xz  T_0.86, 4;
    %ix/load 0, 3, 0;
    %set/x0 v0x18928e0_0, 0, 1;
T_0.86 ;
    %jmp T_0.19;
T_0.12 ;
    %load/v 8, v0x1892b00_0, 8;
    %load/v 16, v0x1892a40_0, 3; Only need 3 of 8 bits
; Save base=16 wid=3 in lookaside.
    %ix/get 0, 16, 3;
    %shiftl/i0  8, 8;
    %load/v 16, v0x1892b00_0, 8;
    %load/v 24, v0x1892a40_0, 3; Only need 3 of 8 bits
; Save base=24 wid=3 in lookaside.
    %ix/get 0, 24, 3;
    %shiftr/i0  16, 8;
    %or 8, 16, 8;
    %set/v v0x1892b80_0, 8, 8;
    %jmp T_0.19;
T_0.13 ;
    %load/v 8, v0x1892b00_0, 8;
    %load/v 16, v0x1892a40_0, 3; Only need 3 of 8 bits
; Save base=16 wid=3 in lookaside.
    %ix/get 0, 16, 3;
    %shiftr/i0  8, 8;
    %load/v 16, v0x1892b00_0, 8;
    %load/v 24, v0x1892a40_0, 3; Only need 3 of 8 bits
; Save base=24 wid=3 in lookaside.
    %ix/get 0, 24, 3;
    %shiftl/i0  16, 8;
    %or 8, 16, 8;
    %set/v v0x1892b80_0, 8, 8;
    %jmp T_0.19;
T_0.14 ;
    %load/v 8, v0x1892b00_0, 8;
    %load/v 16, v0x1892a40_0, 3; Only need 3 of 8 bits
; Save base=16 wid=3 in lookaside.
    %ix/get 0, 16, 3;
    %shiftl/i0  8, 8;
    %set/v v0x1892b80_0, 8, 8;
    %jmp T_0.19;
T_0.15 ;
    %load/v 8, v0x1892b00_0, 8;
    %load/v 16, v0x1892a40_0, 3; Only need 3 of 8 bits
; Save base=16 wid=3 in lookaside.
    %ix/get 0, 16, 3;
    %shiftr/i0  8, 8;
    %set/v v0x1892b80_0, 8, 8;
    %jmp T_0.19;
T_0.16 ;
    %load/v 8, v0x1892b00_0, 8;
    %load/v 16, v0x1892a40_0, 3; Only need 3 of 8 bits
; Save base=16 wid=3 in lookaside.
    %ix/get 0, 16, 3;
    %shiftr/i0  8, 8;
    %set/v v0x1892b80_0, 8, 8;
    %jmp T_0.19;
T_0.17 ;
    %load/v 8, v0x1892a40_0, 8;
    %mov 16, 0, 1;
    %mov 17, 0, 9;
    %sub 17, 8, 9;
    %set/v v0x1892b80_0, 17, 8;
    %set/v v0x18926c0_0, 25, 1;
    %ix/load 1, 7, 0;
    %mov 4, 0, 1;
    %jmp/1 T_0.88, 4;
    %load/x1p 8, v0x1892b80_0, 1;
    %jmp T_0.89;
T_0.88 ;
    %mov 8, 2, 1;
T_0.89 ;
; Save base=8 wid=1 in lookaside.
    %ix/load 1, 7, 0;
    %mov 4, 0, 1;
    %jmp/1 T_0.90, 4;
    %load/x1p 9, v0x1892a40_0, 1;
    %jmp T_0.91;
T_0.90 ;
    %mov 9, 2, 1;
T_0.91 ;
; Save base=9 wid=1 in lookaside.
    %cmp/u 8, 9, 1;
    %jmp/0xz  T_0.92, 4;
    %ix/load 0, 0, 0;
    %set/x0 v0x18928e0_0, 1, 1;
    %jmp T_0.93;
T_0.92 ;
    %ix/load 0, 0, 0;
    %set/x0 v0x18928e0_0, 0, 1;
T_0.93 ;
    %ix/load 1, 7, 0;
    %mov 4, 0, 1;
    %jmp/1 T_0.94, 4;
    %load/x1p 8, v0x1892b80_0, 1;
    %jmp T_0.95;
T_0.94 ;
    %mov 8, 2, 1;
T_0.95 ;
; Save base=8 wid=1 in lookaside.
    %ix/load 0, 1, 0;
    %set/x0 v0x18928e0_0, 8, 1;
    %load/v 8, v0x18926c0_0, 1;
    %ix/load 0, 2, 0;
    %set/x0 v0x18928e0_0, 8, 1;
    %load/v 8, v0x1892b80_0, 8;
    %mov 16, 0, 1;
    %cmpi/u 8, 0, 9;
    %jmp/0xz  T_0.96, 4;
    %ix/load 0, 3, 0;
    %set/x0 v0x18928e0_0, 0, 1;
T_0.96 ;
    %jmp T_0.19;
T_0.19 ;
T_0.1 ;
    %jmp T_0;
    .thread T_0, $push;
    .scope S_0x18910f0;
T_1 ;
    %wait E_0x188f810;
    %load/v 8, v0x18912a0_0, 1;
    %mov 9, 0, 2;
    %cmpi/u 8, 1, 3;
    %mov 8, 4, 1;
    %load/v 9, v0x1891450_0, 1;
    %mov 10, 0, 2;
    %cmpi/u 9, 1, 3;
    %mov 9, 4, 1;
    %and 8, 9, 1;
    %jmp/0xz  T_1.0, 8;
    %load/v 8, v0x1891320_0, 8;
    %ix/getv 3, v0x18911e0_0;
    %jmp/1 t_0, 4;
    %ix/load 0, 8, 0; word width
    %ix/load 1, 0, 0; part off
    %assign/av v0x1891920, 0, 8;
t_0 ;
T_1.0 ;
    %jmp T_1;
    .thread T_1;
    .scope S_0x1890660;
T_2 ;
    %wait E_0x188f810;
    %load/v 8, v0x1890a40_0, 1;
    %jmp/0xz  T_2.0, 8;
    %load/v 8, v0x1890af0_0, 12;
    %ix/getv 3, v0x1890990_0;
    %jmp/1 t_1, 4;
    %ix/load 0, 12, 0; word width
    %ix/load 1, 0, 0; part off
    %assign/av v0x1890bb0, 0, 8;
t_1 ;
T_2.0 ;
    %jmp T_2;
    .thread T_2;
    .scope S_0x1864b60;
T_3 ;
    %wait E_0x1864280;
    %set/v v0x188fd90_0, 0, 1;
    %set/v v0x188fcf0_0, 0, 1;
    %set/v v0x188f6f0_0, 0, 1;
    %set/v v0x1890060_0, 0, 1;
    %set/v v0x188f9c0_0, 0, 1;
    %set/v v0x188fea0_0, 0, 1;
    %set/v v0x188f790_0, 0, 1;
    %set/v v0x1857070_0, 0, 1;
    %set/v v0x188fb50_0, 0, 1;
    %set/v v0x188f840_0, 0, 1;
    %set/v v0x188f8e0_0, 0, 1;
    %set/v v0x188fbf0_0, 0, 1;
    %set/v v0x188f650_0, 0, 4;
    %load/v 8, v0x188ff40_0, 2;
    %mov 10, 0, 1;
    %cmpi/u 8, 0, 3;
    %jmp/0xz  T_3.0, 4;
    %set/v v0x188fd90_0, 1, 1;
    %set/v v0x188fea0_0, 1, 1;
    %jmp T_3.1;
T_3.0 ;
    %load/v 8, v0x188ff40_0, 2;
    %mov 10, 0, 1;
    %cmpi/u 8, 1, 3;
    %jmp/0xz  T_3.2, 4;
    %set/v v0x188f9c0_0, 1, 1;
    %set/v v0x188fea0_0, 1, 1;
    %jmp T_3.3;
T_3.2 ;
    %load/v 8, v0x188ff40_0, 2;
    %mov 10, 0, 1;
    %cmpi/u 8, 2, 3;
    %jmp/0xz  T_3.4, 4;
    %ix/load 1, 9, 0;
    %mov 4, 0, 1;
    %jmp/1 T_3.6, 4;
    %load/x1p 8, v0x188fa60_0, 3;
    %jmp T_3.7;
T_3.6 ;
    %mov 8, 2, 3;
T_3.7 ;
; Save base=8 wid=3 in lookaside.
    %cmpi/u 8, 1, 3;
    %jmp/0xz  T_3.8, 4;
    %set/v v0x188f8e0_0, 1, 1;
    %set/v v0x188f840_0, 1, 1;
    %jmp T_3.9;
T_3.8 ;
    %set/v v0x188f8e0_0, 0, 1;
    %set/v v0x188f840_0, 0, 1;
T_3.9 ;
    %jmp T_3.5;
T_3.4 ;
    %load/v 8, v0x188ff40_0, 2;
    %mov 10, 0, 1;
    %cmpi/u 8, 3, 3;
    %jmp/0xz  T_3.10, 4;
    %ix/load 1, 11, 0;
    %mov 4, 0, 1;
    %jmp/1 T_3.12, 4;
    %load/x1p 8, v0x188fa60_0, 1;
    %jmp T_3.13;
T_3.12 ;
    %mov 8, 2, 1;
T_3.13 ;
; Save base=8 wid=1 in lookaside.
    %jmp/0xz  T_3.14, 8;
    %set/v v0x188fcf0_0, 1, 1;
    %set/v v0x188f6f0_0, 1, 1;
    %set/v v0x1890060_0, 1, 1;
    %set/v v0x1857070_0, 1, 1;
    %ix/load 1, 8, 0;
    %mov 4, 0, 1;
    %jmp/1 T_3.16, 4;
    %load/x1p 12, v0x188fa60_0, 3;
    %jmp T_3.17;
T_3.16 ;
    %mov 12, 2, 3;
T_3.17 ;
    %mov 8, 12, 3; Move signal select into place
    %mov 11, 0, 1;
    %set/v v0x188f650_0, 8, 4;
    %set/v v0x188fb50_0, 1, 1;
    %set/v v0x188fbf0_0, 0, 1;
    %jmp T_3.15;
T_3.14 ;
    %ix/load 1, 10, 0;
    %mov 4, 0, 1;
    %jmp/1 T_3.18, 4;
    %load/x1p 8, v0x188fa60_0, 2;
    %jmp T_3.19;
T_3.18 ;
    %mov 8, 2, 2;
T_3.19 ;
; Save base=8 wid=2 in lookaside.
    %cmpi/u 8, 1, 2;
    %jmp/0xz  T_3.20, 4;
    %set/v v0x188fcf0_0, 1, 1;
    %ix/load 1, 8, 0;
    %mov 4, 0, 1;
    %jmp/1 T_3.22, 4;
    %load/x1p 8, v0x188fa60_0, 2;
    %jmp T_3.23;
T_3.22 ;
    %mov 8, 2, 2;
T_3.23 ;
; Save base=8 wid=2 in lookaside.
    %ix/get 1, 8, 2;
    %jmp/1 T_3.24, 4;
    %load/x1p 8, v0x1890100_0, 1;
    %jmp T_3.25;
T_3.24 ;
    %mov 8, 2, 1;
T_3.25 ;
; Save base=8 wid=1 in lookaside.
    %set/v v0x188fb50_0, 8, 1;
    %jmp T_3.21;
T_3.20 ;
    %ix/load 1, 9, 0;
    %mov 4, 0, 1;
    %jmp/1 T_3.26, 4;
    %load/x1p 8, v0x188fa60_0, 1;
    %jmp T_3.27;
T_3.26 ;
    %mov 8, 2, 1;
T_3.27 ;
; Save base=8 wid=1 in lookaside.
    %jmp/0xz  T_3.28, 8;
    %set/v v0x188fcf0_0, 1, 1;
    %ix/load 1, 8, 0;
    %mov 4, 0, 1;
    %jmp/1 T_3.30, 4;
    %load/x1p 8, v0x188fa60_0, 1;
    %jmp T_3.31;
T_3.30 ;
    %mov 8, 2, 1;
T_3.31 ;
; Save base=8 wid=1 in lookaside.
    %set/v v0x188f6f0_0, 8, 1;
    %set/v v0x1890060_0, 1, 1;
    %ix/load 1, 8, 0;
    %mov 4, 0, 1;
    %jmp/1 T_3.32, 4;
    %load/x1p 8, v0x188fa60_0, 1;
    %jmp T_3.33;
T_3.32 ;
    %mov 8, 2, 1;
T_3.33 ;
; Save base=8 wid=1 in lookaside.
    %inv 8, 1;
    %set/v v0x188f840_0, 8, 1;
    %ix/load 1, 8, 0;
    %mov 4, 0, 1;
    %jmp/1 T_3.34, 4;
    %load/x1p 8, v0x188fa60_0, 1;
    %jmp T_3.35;
T_3.34 ;
    %mov 8, 2, 1;
T_3.35 ;
; Save base=8 wid=1 in lookaside.
    %inv 8, 1;
    %set/v v0x188f790_0, 8, 1;
    %set/v v0x1857070_0, 1, 1;
    %ix/load 1, 4, 0;
    %mov 4, 0, 1;
    %jmp/1 T_3.36, 4;
    %load/x1p 8, v0x188fa60_0, 4;
    %jmp T_3.37;
T_3.36 ;
    %mov 8, 2, 4;
T_3.37 ;
; Save base=8 wid=4 in lookaside.
    %set/v v0x188f650_0, 8, 4;
    %set/v v0x188fb50_0, 1, 1;
    %set/v v0x188fbf0_0, 1, 1;
    %jmp T_3.29;
T_3.28 ;
    %ix/load 1, 8, 0;
    %mov 4, 0, 1;
    %jmp/1 T_3.38, 4;
    %load/x1p 8, v0x188fa60_0, 1;
    %jmp T_3.39;
T_3.38 ;
    %mov 8, 2, 1;
T_3.39 ;
; Save base=8 wid=1 in lookaside.
    %cmpi/u 8, 0, 1;
    %jmp/0xz  T_3.40, 4;
    %set/v v0x188fcf0_0, 1, 1;
    %set/v v0x188fb50_0, 1, 1;
    %jmp T_3.41;
T_3.40 ;
    %set/v v0x188fcf0_0, 0, 1;
    %set/v v0x188fb50_0, 0, 1;
T_3.41 ;
T_3.29 ;
T_3.21 ;
T_3.15 ;
T_3.10 ;
T_3.5 ;
T_3.3 ;
T_3.1 ;
    %jmp T_3;
    .thread T_3, $push;
    .scope S_0x1865d90;
T_4 ;
    %vpi_call 3 41 "$readmemb", "/home/shanbhag/Desktop/Verilog_Projects/MCU/tests/case1.dat", v0x1893ff0, 1'sb0, 5'sb01001;
    %end;
    .thread T_4;
    .scope S_0x1865d90;
T_5 ;
    %wait E_0x188f810;
    %load/v 8, v0x18946c0_0, 1;
    %mov 9, 0, 2;
    %cmpi/u 8, 1, 3;
    %jmp/0xz  T_5.0, 4;
    %ix/load 0, 8, 0;
    %assign/v0 v0x1893950_0, 0, 0;
    %ix/load 0, 1, 0;
    %assign/v0 v0x18939d0_0, 0, 0;
    %jmp T_5.1;
T_5.0 ;
    %load/v 8, v0x1894160_0, 1;
    %jmp/0xz  T_5.2, 8;
    %ix/load 0, 1, 0;
    %load/vp0 8, v0x1893950_0, 8;
    %ix/load 0, 8, 0;
    %assign/v0 v0x1893950_0, 0, 8;
    %load/v 8, v0x1893950_0, 8;
    %cmpi/u 8, 9, 8;
    %jmp/0xz  T_5.4, 4;
    %ix/load 0, 8, 0;
    %assign/v0 v0x1893950_0, 0, 0;
    %ix/load 0, 1, 0;
    %assign/v0 v0x18939d0_0, 0, 1;
    %jmp T_5.5;
T_5.4 ;
    %ix/load 0, 1, 0;
    %assign/v0 v0x18939d0_0, 0, 0;
T_5.5 ;
T_5.2 ;
T_5.1 ;
    %jmp T_5;
    .thread T_5;
    .scope S_0x1865d90;
T_6 ;
    %wait E_0x188f810;
    %load/v 8, v0x18946c0_0, 1;
    %mov 9, 0, 2;
    %cmpi/u 8, 1, 3;
    %jmp/0xz  T_6.0, 4;
    %ix/load 0, 2, 0;
    %assign/v0 v0x1894360_0, 0, 0;
    %jmp T_6.1;
T_6.0 ;
    %load/v 8, v0x18943e0_0, 2;
    %ix/load 0, 2, 0;
    %assign/v0 v0x1894360_0, 0, 8;
T_6.1 ;
    %jmp T_6;
    .thread T_6;
    .scope S_0x1865d90;
T_7 ;
    %wait E_0x1864900;
    %set/v v0x1893e10_0, 0, 1;
    %set/v v0x1893040_0, 0, 1;
    %set/v v0x18942e0_0, 0, 1;
    %set/v v0x1893430_0, 0, 1;
    %set/v v0x1893720_0, 0, 1;
    %load/v 8, v0x1894360_0, 2;
    %cmpi/u 8, 0, 2;
    %jmp/1 T_7.0, 6;
    %cmpi/u 8, 1, 2;
    %jmp/1 T_7.1, 6;
    %cmpi/u 8, 2, 2;
    %jmp/1 T_7.2, 6;
    %cmpi/u 8, 3, 2;
    %jmp/1 T_7.3, 6;
    %jmp T_7.4;
T_7.0 ;
    %load/v 8, v0x18939d0_0, 1;
    %mov 9, 0, 2;
    %cmpi/u 8, 1, 3;
    %jmp/0xz  T_7.5, 4;
    %movi 8, 1, 2;
    %set/v v0x18943e0_0, 8, 2;
    %set/v v0x1893e10_0, 1, 1;
    %set/v v0x1893040_0, 1, 1;
    %set/v v0x18942e0_0, 1, 1;
    %set/v v0x1893430_0, 1, 1;
    %set/v v0x1893720_0, 1, 1;
    %jmp T_7.6;
T_7.5 ;
    %set/v v0x18943e0_0, 0, 2;
T_7.6 ;
    %jmp T_7.4;
T_7.1 ;
    %movi 8, 2, 2;
    %set/v v0x18943e0_0, 8, 2;
    %jmp T_7.4;
T_7.2 ;
    %set/v v0x18943e0_0, 1, 2;
    %jmp T_7.4;
T_7.3 ;
    %movi 8, 1, 2;
    %set/v v0x18943e0_0, 8, 2;
    %jmp T_7.4;
T_7.4 ;
    %jmp T_7;
    .thread T_7, $push;
    .scope S_0x1865d90;
T_8 ;
    %wait E_0x188f810;
    %load/v 8, v0x18946c0_0, 1;
    %mov 9, 0, 2;
    %cmpi/u 8, 1, 3;
    %jmp/0xz  T_8.0, 4;
    %ix/load 0, 8, 0;
    %assign/v0 v0x1893cc0_0, 0, 0;
    %ix/load 0, 8, 0;
    %assign/v0 v0x1892fc0_0, 0, 0;
    %ix/load 0, 4, 0;
    %assign/v0 v0x1894070_0, 0, 0;
    %jmp T_8.1;
T_8.0 ;
    %load/v 8, v0x1893e90_0, 1;
    %jmp/0xz  T_8.2, 8;
    %load/v 8, v0x1893d40_0, 8;
    %set/v v0x1893cc0_0, 8, 8;
    %jmp T_8.3;
T_8.2 ;
    %load/v 8, v0x1893e10_0, 1;
    %mov 9, 0, 2;
    %cmpi/u 8, 1, 3;
    %jmp/0xz  T_8.4, 4;
    %set/v v0x1893cc0_0, 0, 8;
T_8.4 ;
T_8.3 ;
    %load/v 8, v0x18930c0_0, 1;
    %jmp/0xz  T_8.6, 8;
    %load/v 8, v0x1892ef0_0, 8;
    %ix/load 0, 8, 0;
    %assign/v0 v0x1892fc0_0, 0, 8;
    %jmp T_8.7;
T_8.6 ;
    %load/v 8, v0x1893040_0, 1;
    %mov 9, 0, 2;
    %cmpi/u 8, 1, 3;
    %jmp/0xz  T_8.8, 4;
    %ix/load 0, 8, 0;
    %assign/v0 v0x1892fc0_0, 0, 0;
T_8.8 ;
T_8.7 ;
    %load/v 8, v0x18941e0_0, 1;
    %jmp/0xz  T_8.10, 8;
    %load/v 8, v0x1894260_0, 4;
    %ix/load 0, 4, 0;
    %assign/v0 v0x1894070_0, 0, 8;
    %jmp T_8.11;
T_8.10 ;
    %load/v 8, v0x18942e0_0, 1;
    %mov 9, 0, 2;
    %cmpi/u 8, 1, 3;
    %jmp/0xz  T_8.12, 4;
    %ix/load 0, 4, 0;
    %assign/v0 v0x1894070_0, 0, 0;
T_8.12 ;
T_8.11 ;
T_8.1 ;
    %jmp T_8;
    .thread T_8;
    .scope S_0x1865d90;
T_9 ;
    %wait E_0x188f810;
    %load/v 8, v0x1893520_0, 1;
    %jmp/0xz  T_9.0, 8;
    %load/v 8, v0x18935a0_0, 8;
    %ix/load 0, 8, 0;
    %assign/v0 v0x18933b0_0, 0, 8;
    %jmp T_9.1;
T_9.0 ;
    %load/v 8, v0x1893430_0, 1;
    %mov 9, 0, 2;
    %cmpi/u 8, 1, 3;
    %jmp/0xz  T_9.2, 4;
    %ix/load 0, 8, 0;
    %assign/v0 v0x18933b0_0, 0, 0;
T_9.2 ;
T_9.1 ;
    %load/v 8, v0x1893620_0, 1;
    %jmp/0xz  T_9.4, 8;
    %load/v 8, v0x1893830_0, 12;
    %ix/load 0, 12, 0;
    %assign/v0 v0x18936a0_0, 0, 8;
    %jmp T_9.5;
T_9.4 ;
    %load/v 8, v0x1893720_0, 1;
    %mov 9, 0, 2;
    %cmpi/u 8, 1, 3;
    %jmp/0xz  T_9.6, 4;
    %ix/load 0, 12, 0;
    %assign/v0 v0x18936a0_0, 0, 0;
T_9.6 ;
T_9.5 ;
    %jmp T_9;
    .thread T_9;
    .scope S_0x1863f60;
T_10 ;
    %set/v v0x18947c0_0, 1, 1;
    %delay 100, 0;
    %set/v v0x18947c0_0, 0, 1;
    %end;
    .thread T_10;
    .scope S_0x1863f60;
T_11 ;
    %vpi_call 2 34 "$dumpfile", "mcu.vcd";
    %vpi_call 2 35 "$dumpvars";
    %end;
    .thread T_11;
    .scope S_0x1863f60;
T_12 ;
    %set/v v0x1894740_0, 0, 1;
    %movi 8, 600, 11;
T_12.0 %cmp/s 0, 8, 11;
    %jmp/0xz T_12.1, 5;
    %add 8, 1, 11;
    %delay 1, 0;
    %load/v 19, v0x1894740_0, 1;
    %inv 19, 1;
    %set/v v0x1894740_0, 19, 1;
    %jmp T_12.0;
T_12.1 ;
    %end;
    .thread T_12;
# The file index is used to find the file name in the following table.
:file_names 10;
    "N/A";
    "<interactive>";
    "MCU_tb.v";
    "MCU.v";
    "ALU.v";
    "MUX1.v";
    "DMem.v";
    "PMem.v";
    "Adder.v";
    "Control_Logic.v";
