#! /usr/bin/vvp
:ivl_version "0.9.7 " "(v0_9_7)";
:vpi_time_precision + 0;
:vpi_module "system";
:vpi_module "v2005_math";
:vpi_module "va_math";
S_0x22e3690 .scope module, "MUX1" "MUX1" 2 12;
 .timescale 0 0;
v0x22f5120_0 .net "Input1", 7 0, C4<zzzzzzzz>; 0 drivers
v0x23256b0_0 .net "Input2", 7 0, C4<zzzzzzzz>; 0 drivers
v0x2325750_0 .net "Out", 7 0, L_0x2325ed0; 1 drivers
v0x23257f0_0 .net "Sel", 0 0, C4<z>; 0 drivers
v0x23258a0_0 .net *"_s0", 2 0, L_0x2325bb0; 1 drivers
v0x2325940_0 .net *"_s3", 1 0, C4<00>; 1 drivers
v0x2325a20_0 .net *"_s4", 2 0, C4<001>; 1 drivers
v0x2325ac0_0 .net *"_s6", 0 0, L_0x2325d60; 1 drivers
L_0x2325bb0 .concat [ 1 2 0 0], C4<z>, C4<00>;
L_0x2325d60 .cmp/eq 3, L_0x2325bb0, C4<001>;
L_0x2325ed0 .functor MUXZ 8, C4<zzzzzzzz>, C4<zzzzzzzz>, L_0x2325d60, C4<>;
# The file index is used to find the file name in the following table.
:file_names 3;
    "N/A";
    "<interactive>";
    "MUX1.v";
