#! /usr/bin/vvp
:ivl_version "0.9.7 " "(v0_9_7)";
:vpi_time_precision + 0;
:vpi_module "system";
:vpi_module "v2005_math";
:vpi_module "va_math";
S_0x18be690 .scope module, "PMem" "PMem" 2 13;
 .timescale 0 0;
v0x18f3dc0_0 .net "Addr", 7 0, C4<zzzzzzzz>; 0 drivers
v0x19026e0_0 .net "En", 0 0, C4<z>; 0 drivers
v0x1902780_0 .net "Instr", 11 0, L_0x19034b0; 1 drivers
v0x1902820_0 .net "Load_Addr", 7 0, C4<zzzzzzzz>; 0 drivers
v0x19028d0_0 .net "Load_En", 0 0, C4<z>; 0 drivers
v0x1902970_0 .net "Load_Instr", 11 0, C4<zzzzzzzzzzzz>; 0 drivers
v0x1902a50 .array "Prog_Mem", 0 255, 11 0;
v0x1902ad0_0 .net *"_s0", 2 0, L_0x19030d0; 1 drivers
v0x1902bc0_0 .net *"_s10", 11 0, C4<000000000000>; 1 drivers
v0x1902c60_0 .net *"_s3", 1 0, C4<00>; 1 drivers
v0x1902d60_0 .net *"_s4", 2 0, C4<001>; 1 drivers
v0x1902e00_0 .net *"_s6", 0 0, L_0x1903230; 1 drivers
v0x1902f10_0 .net *"_s8", 11 0, L_0x19033a0; 1 drivers
v0x1902fb0_0 .net "clk", 0 0, C4<z>; 0 drivers
E_0x18d0ab0 .event posedge, v0x1902fb0_0;
L_0x19030d0 .concat [ 1 2 0 0], C4<z>, C4<00>;
L_0x1903230 .cmp/eq 3, L_0x19030d0, C4<001>;
L_0x19033a0 .array/port v0x1902a50, C4<zzzzzzzz>;
L_0x19034b0 .functor MUXZ 12, C4<000000000000>, L_0x19033a0, L_0x1903230, C4<>;
    .scope S_0x18be690;
T_0 ;
    %wait E_0x18d0ab0;
    %load/v 8, v0x19028d0_0, 1;
    %jmp/0xz  T_0.0, 8;
    %load/v 8, v0x1902970_0, 12;
    %ix/getv 3, v0x1902820_0;
    %jmp/1 t_0, 4;
    %ix/load 0, 12, 0; word width
    %ix/load 1, 0, 0; part off
    %assign/av v0x1902a50, 0, 8;
t_0 ;
T_0.0 ;
    %jmp T_0;
    .thread T_0;
# The file index is used to find the file name in the following table.
:file_names 3;
    "N/A";
    "<interactive>";
    "PMem.v";
